
*** Running vivado
    with args -log design_1_wrapper.vds -m64 -product Vivado -mode batch -messageDb vivado.pb -notrace -source design_1_wrapper.tcl


****** Vivado v2018.3 (64-bit)
  **** SW Build 2405991 on Thu Dec  6 23:38:27 MST 2018
  **** IP Build 2404404 on Fri Dec  7 01:43:56 MST 2018
    ** Copyright 1986-2018 Xilinx, Inc. All Rights Reserved.

source design_1_wrapper.tcl -notrace
INFO: [IP_Flow 19-234] Refreshing IP repositories
INFO: [IP_Flow 19-1704] No user IP repositories specified
INFO: [IP_Flow 19-2313] Loaded Vivado IP repository 'C:/Xilinx/Vivado/2018.3/data/ip'.
Command: synth_design -top design_1_wrapper -part xc7a35ticsg324-1L
Starting synth_design
Attempting to get a license for feature 'Synthesis' and/or device 'xc7a35ti'
INFO: [Common 17-349] Got license for feature 'Synthesis' and/or device 'xc7a35ti'
INFO: Launching helper process for spawning children vivado processes
INFO: Helper process launched with PID 12908 
---------------------------------------------------------------------------------
Starting RTL Elaboration : Time (s): cpu = 00:00:02 ; elapsed = 00:00:02 . Memory (MB): peak = 501.730 ; gain = 104.016
---------------------------------------------------------------------------------
INFO: [Synth 8-6157] synthesizing module 'design_1_wrapper' [C:/Users/npcar/Desktop/Nueva_carpeta/vivado_p-rueba/project_2/project_2.srcs/sources_1/bd/design_1/hdl/design_1_wrapper.v:12]
INFO: [Synth 8-6157] synthesizing module 'design_1' [C:/Users/npcar/Desktop/Nueva_carpeta/vivado_p-rueba/project_2/project_2.srcs/sources_1/bd/design_1/synth/design_1.v:13]
INFO: [Synth 8-6157] synthesizing module 'design_1_axi_iic_0_0' [C:/Users/npcar/Desktop/Nueva_carpeta/vivado_p-rueba/project_2/project_2.runs/synth_1/.Xil/Vivado-14480-DESKTOP-VATPNQS/realtime/design_1_axi_iic_0_0_stub.v:6]
INFO: [Synth 8-6155] done synthesizing module 'design_1_axi_iic_0_0' (1#1) [C:/Users/npcar/Desktop/Nueva_carpeta/vivado_p-rueba/project_2/project_2.runs/synth_1/.Xil/Vivado-14480-DESKTOP-VATPNQS/realtime/design_1_axi_iic_0_0_stub.v:6]
WARNING: [Synth 8-350] instance 'axi_iic_0' of module 'design_1_axi_iic_0_0' requires 27 connections, but only 23 given [C:/Users/npcar/Desktop/Nueva_carpeta/vivado_p-rueba/project_2/project_2.srcs/sources_1/bd/design_1/synth/design_1.v:160]
INFO: [Synth 8-6157] synthesizing module 'design_1_axi_quad_spi_0_0' [C:/Users/npcar/Desktop/Nueva_carpeta/vivado_p-rueba/project_2/project_2.runs/synth_1/.Xil/Vivado-14480-DESKTOP-VATPNQS/realtime/design_1_axi_quad_spi_0_0_stub.v:6]
INFO: [Synth 8-6155] done synthesizing module 'design_1_axi_quad_spi_0_0' (2#1) [C:/Users/npcar/Desktop/Nueva_carpeta/vivado_p-rueba/project_2/project_2.runs/synth_1/.Xil/Vivado-14480-DESKTOP-VATPNQS/realtime/design_1_axi_quad_spi_0_0_stub.v:6]
WARNING: [Synth 8-350] instance 'axi_quad_spi_0' of module 'design_1_axi_quad_spi_0_0' requires 33 connections, but only 27 given [C:/Users/npcar/Desktop/Nueva_carpeta/vivado_p-rueba/project_2/project_2.srcs/sources_1/bd/design_1/synth/design_1.v:184]
INFO: [Synth 8-6157] synthesizing module 'design_1_axi_uartlite_0_0' [C:/Users/npcar/Desktop/Nueva_carpeta/vivado_p-rueba/project_2/project_2.runs/synth_1/.Xil/Vivado-14480-DESKTOP-VATPNQS/realtime/design_1_axi_uartlite_0_0_stub.v:6]
INFO: [Synth 8-6155] done synthesizing module 'design_1_axi_uartlite_0_0' (3#1) [C:/Users/npcar/Desktop/Nueva_carpeta/vivado_p-rueba/project_2/project_2.runs/synth_1/.Xil/Vivado-14480-DESKTOP-VATPNQS/realtime/design_1_axi_uartlite_0_0_stub.v:6]
WARNING: [Synth 8-350] instance 'axi_uartlite_0' of module 'design_1_axi_uartlite_0_0' requires 22 connections, but only 21 given [C:/Users/npcar/Desktop/Nueva_carpeta/vivado_p-rueba/project_2/project_2.srcs/sources_1/bd/design_1/synth/design_1.v:212]
INFO: [Synth 8-6157] synthesizing module 'design_1_clk_wiz_1_0' [C:/Users/npcar/Desktop/Nueva_carpeta/vivado_p-rueba/project_2/project_2.runs/synth_1/.Xil/Vivado-14480-DESKTOP-VATPNQS/realtime/design_1_clk_wiz_1_0_stub.v:5]
INFO: [Synth 8-6155] done synthesizing module 'design_1_clk_wiz_1_0' (4#1) [C:/Users/npcar/Desktop/Nueva_carpeta/vivado_p-rueba/project_2/project_2.runs/synth_1/.Xil/Vivado-14480-DESKTOP-VATPNQS/realtime/design_1_clk_wiz_1_0_stub.v:5]
INFO: [Synth 8-6157] synthesizing module 'design_1_mdm_1_0' [C:/Users/npcar/Desktop/Nueva_carpeta/vivado_p-rueba/project_2/project_2.runs/synth_1/.Xil/Vivado-14480-DESKTOP-VATPNQS/realtime/design_1_mdm_1_0_stub.v:6]
INFO: [Synth 8-6155] done synthesizing module 'design_1_mdm_1_0' (5#1) [C:/Users/npcar/Desktop/Nueva_carpeta/vivado_p-rueba/project_2/project_2.runs/synth_1/.Xil/Vivado-14480-DESKTOP-VATPNQS/realtime/design_1_mdm_1_0_stub.v:6]
INFO: [Synth 8-6157] synthesizing module 'design_1_microblaze_0_0' [C:/Users/npcar/Desktop/Nueva_carpeta/vivado_p-rueba/project_2/project_2.runs/synth_1/.Xil/Vivado-14480-DESKTOP-VATPNQS/realtime/design_1_microblaze_0_0_stub.v:6]
INFO: [Synth 8-6155] done synthesizing module 'design_1_microblaze_0_0' (6#1) [C:/Users/npcar/Desktop/Nueva_carpeta/vivado_p-rueba/project_2/project_2.runs/synth_1/.Xil/Vivado-14480-DESKTOP-VATPNQS/realtime/design_1_microblaze_0_0_stub.v:6]
WARNING: [Synth 8-350] instance 'microblaze_0' of module 'design_1_microblaze_0_0' requires 52 connections, but only 51 given [C:/Users/npcar/Desktop/Nueva_carpeta/vivado_p-rueba/project_2/project_2.srcs/sources_1/bd/design_1/synth/design_1.v:252]
INFO: [Synth 8-6157] synthesizing module 'design_1_microblaze_0_axi_periph_0' [C:/Users/npcar/Desktop/Nueva_carpeta/vivado_p-rueba/project_2/project_2.srcs/sources_1/bd/design_1/synth/design_1.v:456]
INFO: [Synth 8-6157] synthesizing module 'm00_couplers_imp_8RVYHO' [C:/Users/npcar/Desktop/Nueva_carpeta/vivado_p-rueba/project_2/project_2.srcs/sources_1/bd/design_1/synth/design_1.v:1457]
INFO: [Synth 8-6155] done synthesizing module 'm00_couplers_imp_8RVYHO' (7#1) [C:/Users/npcar/Desktop/Nueva_carpeta/vivado_p-rueba/project_2/project_2.srcs/sources_1/bd/design_1/synth/design_1.v:1457]
INFO: [Synth 8-6157] synthesizing module 'm01_couplers_imp_1UTB3Y5' [C:/Users/npcar/Desktop/Nueva_carpeta/vivado_p-rueba/project_2/project_2.srcs/sources_1/bd/design_1/synth/design_1.v:1589]
INFO: [Synth 8-6155] done synthesizing module 'm01_couplers_imp_1UTB3Y5' (8#1) [C:/Users/npcar/Desktop/Nueva_carpeta/vivado_p-rueba/project_2/project_2.srcs/sources_1/bd/design_1/synth/design_1.v:1589]
INFO: [Synth 8-6157] synthesizing module 'm02_couplers_imp_7ANRHB' [C:/Users/npcar/Desktop/Nueva_carpeta/vivado_p-rueba/project_2/project_2.srcs/sources_1/bd/design_1/synth/design_1.v:1721]
INFO: [Synth 8-6155] done synthesizing module 'm02_couplers_imp_7ANRHB' (9#1) [C:/Users/npcar/Desktop/Nueva_carpeta/vivado_p-rueba/project_2/project_2.srcs/sources_1/bd/design_1/synth/design_1.v:1721]
INFO: [Synth 8-6157] synthesizing module 's00_couplers_imp_1RZP34U' [C:/Users/npcar/Desktop/Nueva_carpeta/vivado_p-rueba/project_2/project_2.srcs/sources_1/bd/design_1/synth/design_1.v:2087]
INFO: [Synth 8-6155] done synthesizing module 's00_couplers_imp_1RZP34U' (10#1) [C:/Users/npcar/Desktop/Nueva_carpeta/vivado_p-rueba/project_2/project_2.srcs/sources_1/bd/design_1/synth/design_1.v:2087]
INFO: [Synth 8-6157] synthesizing module 's01_couplers_imp_2REGHR' [C:/Users/npcar/Desktop/Nueva_carpeta/vivado_p-rueba/project_2/project_2.srcs/sources_1/bd/design_1/synth/design_1.v:2233]
INFO: [Synth 8-6155] done synthesizing module 's01_couplers_imp_2REGHR' (11#1) [C:/Users/npcar/Desktop/Nueva_carpeta/vivado_p-rueba/project_2/project_2.srcs/sources_1/bd/design_1/synth/design_1.v:2233]
WARNING: [Synth 8-350] instance 's01_couplers' of module 's01_couplers_imp_2REGHR' requires 78 connections, but only 61 given [C:/Users/npcar/Desktop/Nueva_carpeta/vivado_p-rueba/project_2/project_2.srcs/sources_1/bd/design_1/synth/design_1.v:1296]
INFO: [Synth 8-6157] synthesizing module 's02_couplers_imp_1R40M8T' [C:/Users/npcar/Desktop/Nueva_carpeta/vivado_p-rueba/project_2/project_2.srcs/sources_1/bd/design_1/synth/design_1.v:2505]
INFO: [Synth 8-6155] done synthesizing module 's02_couplers_imp_1R40M8T' (12#1) [C:/Users/npcar/Desktop/Nueva_carpeta/vivado_p-rueba/project_2/project_2.srcs/sources_1/bd/design_1/synth/design_1.v:2505]
WARNING: [Synth 8-350] instance 's02_couplers' of module 's02_couplers_imp_1R40M8T' requires 78 connections, but only 57 given [C:/Users/npcar/Desktop/Nueva_carpeta/vivado_p-rueba/project_2/project_2.srcs/sources_1/bd/design_1/synth/design_1.v:1358]
INFO: [Synth 8-6157] synthesizing module 'design_1_xbar_0' [C:/Users/npcar/Desktop/Nueva_carpeta/vivado_p-rueba/project_2/project_2.runs/synth_1/.Xil/Vivado-14480-DESKTOP-VATPNQS/realtime/design_1_xbar_0_stub.v:6]
INFO: [Synth 8-6155] done synthesizing module 'design_1_xbar_0' (13#1) [C:/Users/npcar/Desktop/Nueva_carpeta/vivado_p-rueba/project_2/project_2.runs/synth_1/.Xil/Vivado-14480-DESKTOP-VATPNQS/realtime/design_1_xbar_0_stub.v:6]
WARNING: [Synth 8-350] instance 'xbar' of module 'design_1_xbar_0' requires 40 connections, but only 38 given [C:/Users/npcar/Desktop/Nueva_carpeta/vivado_p-rueba/project_2/project_2.srcs/sources_1/bd/design_1/synth/design_1.v:1416]
INFO: [Synth 8-6155] done synthesizing module 'design_1_microblaze_0_axi_periph_0' (14#1) [C:/Users/npcar/Desktop/Nueva_carpeta/vivado_p-rueba/project_2/project_2.srcs/sources_1/bd/design_1/synth/design_1.v:456]
WARNING: [Synth 8-350] instance 'microblaze_0_axi_periph' of module 'design_1_microblaze_0_axi_periph_0' requires 132 connections, but only 118 given [C:/Users/npcar/Desktop/Nueva_carpeta/vivado_p-rueba/project_2/project_2.srcs/sources_1/bd/design_1/synth/design_1.v:304]
INFO: [Synth 8-6157] synthesizing module 'microblaze_0_local_memory_imp_1K0VQXK' [C:/Users/npcar/Desktop/Nueva_carpeta/vivado_p-rueba/project_2/project_2.srcs/sources_1/bd/design_1/synth/design_1.v:1853]
INFO: [Synth 8-6157] synthesizing module 'design_1_dlmb_bram_if_cntlr_0' [C:/Users/npcar/Desktop/Nueva_carpeta/vivado_p-rueba/project_2/project_2.runs/synth_1/.Xil/Vivado-14480-DESKTOP-VATPNQS/realtime/design_1_dlmb_bram_if_cntlr_0_stub.v:6]
INFO: [Synth 8-6155] done synthesizing module 'design_1_dlmb_bram_if_cntlr_0' (15#1) [C:/Users/npcar/Desktop/Nueva_carpeta/vivado_p-rueba/project_2/project_2.runs/synth_1/.Xil/Vivado-14480-DESKTOP-VATPNQS/realtime/design_1_dlmb_bram_if_cntlr_0_stub.v:6]
INFO: [Synth 8-6157] synthesizing module 'design_1_dlmb_v10_0' [C:/Users/npcar/Desktop/Nueva_carpeta/vivado_p-rueba/project_2/project_2.runs/synth_1/.Xil/Vivado-14480-DESKTOP-VATPNQS/realtime/design_1_dlmb_v10_0_stub.v:6]
INFO: [Synth 8-6155] done synthesizing module 'design_1_dlmb_v10_0' (16#1) [C:/Users/npcar/Desktop/Nueva_carpeta/vivado_p-rueba/project_2/project_2.runs/synth_1/.Xil/Vivado-14480-DESKTOP-VATPNQS/realtime/design_1_dlmb_v10_0_stub.v:6]
WARNING: [Synth 8-350] instance 'dlmb_v10' of module 'design_1_dlmb_v10_0' requires 25 connections, but only 24 given [C:/Users/npcar/Desktop/Nueva_carpeta/vivado_p-rueba/project_2/project_2.srcs/sources_1/bd/design_1/synth/design_1.v:1999]
INFO: [Synth 8-6157] synthesizing module 'design_1_ilmb_bram_if_cntlr_0' [C:/Users/npcar/Desktop/Nueva_carpeta/vivado_p-rueba/project_2/project_2.runs/synth_1/.Xil/Vivado-14480-DESKTOP-VATPNQS/realtime/design_1_ilmb_bram_if_cntlr_0_stub.v:6]
INFO: [Synth 8-6155] done synthesizing module 'design_1_ilmb_bram_if_cntlr_0' (17#1) [C:/Users/npcar/Desktop/Nueva_carpeta/vivado_p-rueba/project_2/project_2.runs/synth_1/.Xil/Vivado-14480-DESKTOP-VATPNQS/realtime/design_1_ilmb_bram_if_cntlr_0_stub.v:6]
INFO: [Synth 8-6157] synthesizing module 'design_1_ilmb_v10_0' [C:/Users/npcar/Desktop/Nueva_carpeta/vivado_p-rueba/project_2/project_2.runs/synth_1/.Xil/Vivado-14480-DESKTOP-VATPNQS/realtime/design_1_ilmb_v10_0_stub.v:6]
INFO: [Synth 8-6155] done synthesizing module 'design_1_ilmb_v10_0' (18#1) [C:/Users/npcar/Desktop/Nueva_carpeta/vivado_p-rueba/project_2/project_2.runs/synth_1/.Xil/Vivado-14480-DESKTOP-VATPNQS/realtime/design_1_ilmb_v10_0_stub.v:6]
WARNING: [Synth 8-350] instance 'ilmb_v10' of module 'design_1_ilmb_v10_0' requires 25 connections, but only 24 given [C:/Users/npcar/Desktop/Nueva_carpeta/vivado_p-rueba/project_2/project_2.srcs/sources_1/bd/design_1/synth/design_1.v:2045]
INFO: [Synth 8-6157] synthesizing module 'design_1_lmb_bram_0' [C:/Users/npcar/Desktop/Nueva_carpeta/vivado_p-rueba/project_2/project_2.runs/synth_1/.Xil/Vivado-14480-DESKTOP-VATPNQS/realtime/design_1_lmb_bram_0_stub.v:6]
INFO: [Synth 8-6155] done synthesizing module 'design_1_lmb_bram_0' (19#1) [C:/Users/npcar/Desktop/Nueva_carpeta/vivado_p-rueba/project_2/project_2.runs/synth_1/.Xil/Vivado-14480-DESKTOP-VATPNQS/realtime/design_1_lmb_bram_0_stub.v:6]
WARNING: [Synth 8-350] instance 'lmb_bram' of module 'design_1_lmb_bram_0' requires 16 connections, but only 14 given [C:/Users/npcar/Desktop/Nueva_carpeta/vivado_p-rueba/project_2/project_2.srcs/sources_1/bd/design_1/synth/design_1.v:2070]
INFO: [Synth 8-6155] done synthesizing module 'microblaze_0_local_memory_imp_1K0VQXK' (20#1) [C:/Users/npcar/Desktop/Nueva_carpeta/vivado_p-rueba/project_2/project_2.srcs/sources_1/bd/design_1/synth/design_1.v:1853]
INFO: [Synth 8-6157] synthesizing module 'design_1_rst_clk_wiz_1_100M_0' [C:/Users/npcar/Desktop/Nueva_carpeta/vivado_p-rueba/project_2/project_2.runs/synth_1/.Xil/Vivado-14480-DESKTOP-VATPNQS/realtime/design_1_rst_clk_wiz_1_100M_0_stub.v:6]
INFO: [Synth 8-6155] done synthesizing module 'design_1_rst_clk_wiz_1_100M_0' (21#1) [C:/Users/npcar/Desktop/Nueva_carpeta/vivado_p-rueba/project_2/project_2.runs/synth_1/.Xil/Vivado-14480-DESKTOP-VATPNQS/realtime/design_1_rst_clk_wiz_1_100M_0_stub.v:6]
WARNING: [Synth 8-350] instance 'rst_clk_wiz_1_100M' of module 'design_1_rst_clk_wiz_1_100M_0' requires 10 connections, but only 8 given [C:/Users/npcar/Desktop/Nueva_carpeta/vivado_p-rueba/project_2/project_2.srcs/sources_1/bd/design_1/synth/design_1.v:445]
INFO: [Synth 8-6155] done synthesizing module 'design_1' (22#1) [C:/Users/npcar/Desktop/Nueva_carpeta/vivado_p-rueba/project_2/project_2.srcs/sources_1/bd/design_1/synth/design_1.v:13]
INFO: [Synth 8-6155] done synthesizing module 'design_1_wrapper' (23#1) [C:/Users/npcar/Desktop/Nueva_carpeta/vivado_p-rueba/project_2/project_2.srcs/sources_1/bd/design_1/hdl/design_1_wrapper.v:12]
WARNING: [Synth 8-3331] design s02_couplers_imp_1R40M8T has unconnected port M_ACLK
WARNING: [Synth 8-3331] design s02_couplers_imp_1R40M8T has unconnected port M_ARESETN
WARNING: [Synth 8-3331] design s02_couplers_imp_1R40M8T has unconnected port S_ACLK
WARNING: [Synth 8-3331] design s02_couplers_imp_1R40M8T has unconnected port S_ARESETN
WARNING: [Synth 8-3331] design s01_couplers_imp_2REGHR has unconnected port M_ACLK
WARNING: [Synth 8-3331] design s01_couplers_imp_2REGHR has unconnected port M_ARESETN
WARNING: [Synth 8-3331] design s01_couplers_imp_2REGHR has unconnected port S_ACLK
WARNING: [Synth 8-3331] design s01_couplers_imp_2REGHR has unconnected port S_ARESETN
WARNING: [Synth 8-3331] design s00_couplers_imp_1RZP34U has unconnected port M_ACLK
WARNING: [Synth 8-3331] design s00_couplers_imp_1RZP34U has unconnected port M_ARESETN
WARNING: [Synth 8-3331] design s00_couplers_imp_1RZP34U has unconnected port S_ACLK
WARNING: [Synth 8-3331] design s00_couplers_imp_1RZP34U has unconnected port S_ARESETN
WARNING: [Synth 8-3331] design m02_couplers_imp_7ANRHB has unconnected port M_ACLK
WARNING: [Synth 8-3331] design m02_couplers_imp_7ANRHB has unconnected port M_ARESETN
WARNING: [Synth 8-3331] design m02_couplers_imp_7ANRHB has unconnected port S_ACLK
WARNING: [Synth 8-3331] design m02_couplers_imp_7ANRHB has unconnected port S_ARESETN
WARNING: [Synth 8-3331] design m01_couplers_imp_1UTB3Y5 has unconnected port M_ACLK
WARNING: [Synth 8-3331] design m01_couplers_imp_1UTB3Y5 has unconnected port M_ARESETN
WARNING: [Synth 8-3331] design m01_couplers_imp_1UTB3Y5 has unconnected port S_ACLK
WARNING: [Synth 8-3331] design m01_couplers_imp_1UTB3Y5 has unconnected port S_ARESETN
WARNING: [Synth 8-3331] design m00_couplers_imp_8RVYHO has unconnected port M_ACLK
WARNING: [Synth 8-3331] design m00_couplers_imp_8RVYHO has unconnected port M_ARESETN
WARNING: [Synth 8-3331] design m00_couplers_imp_8RVYHO has unconnected port S_ACLK
WARNING: [Synth 8-3331] design m00_couplers_imp_8RVYHO has unconnected port S_ARESETN
WARNING: [Synth 8-3331] design design_1_microblaze_0_axi_periph_0 has unconnected port M00_ACLK
WARNING: [Synth 8-3331] design design_1_microblaze_0_axi_periph_0 has unconnected port M00_ARESETN
WARNING: [Synth 8-3331] design design_1_microblaze_0_axi_periph_0 has unconnected port M01_ACLK
WARNING: [Synth 8-3331] design design_1_microblaze_0_axi_periph_0 has unconnected port M01_ARESETN
WARNING: [Synth 8-3331] design design_1_microblaze_0_axi_periph_0 has unconnected port M02_ACLK
WARNING: [Synth 8-3331] design design_1_microblaze_0_axi_periph_0 has unconnected port M02_ARESETN
WARNING: [Synth 8-3331] design design_1_microblaze_0_axi_periph_0 has unconnected port S00_ACLK
WARNING: [Synth 8-3331] design design_1_microblaze_0_axi_periph_0 has unconnected port S00_ARESETN
WARNING: [Synth 8-3331] design design_1_microblaze_0_axi_periph_0 has unconnected port S01_ACLK
WARNING: [Synth 8-3331] design design_1_microblaze_0_axi_periph_0 has unconnected port S01_ARESETN
WARNING: [Synth 8-3331] design design_1_microblaze_0_axi_periph_0 has unconnected port S01_AXI_araddr[31]
WARNING: [Synth 8-3331] design design_1_microblaze_0_axi_periph_0 has unconnected port S01_AXI_araddr[30]
WARNING: [Synth 8-3331] design design_1_microblaze_0_axi_periph_0 has unconnected port S01_AXI_araddr[29]
WARNING: [Synth 8-3331] design design_1_microblaze_0_axi_periph_0 has unconnected port S01_AXI_araddr[28]
WARNING: [Synth 8-3331] design design_1_microblaze_0_axi_periph_0 has unconnected port S01_AXI_araddr[27]
WARNING: [Synth 8-3331] design design_1_microblaze_0_axi_periph_0 has unconnected port S01_AXI_araddr[26]
WARNING: [Synth 8-3331] design design_1_microblaze_0_axi_periph_0 has unconnected port S01_AXI_araddr[25]
WARNING: [Synth 8-3331] design design_1_microblaze_0_axi_periph_0 has unconnected port S01_AXI_araddr[24]
WARNING: [Synth 8-3331] design design_1_microblaze_0_axi_periph_0 has unconnected port S01_AXI_araddr[23]
WARNING: [Synth 8-3331] design design_1_microblaze_0_axi_periph_0 has unconnected port S01_AXI_araddr[22]
WARNING: [Synth 8-3331] design design_1_microblaze_0_axi_periph_0 has unconnected port S01_AXI_araddr[21]
WARNING: [Synth 8-3331] design design_1_microblaze_0_axi_periph_0 has unconnected port S01_AXI_araddr[20]
WARNING: [Synth 8-3331] design design_1_microblaze_0_axi_periph_0 has unconnected port S01_AXI_araddr[19]
WARNING: [Synth 8-3331] design design_1_microblaze_0_axi_periph_0 has unconnected port S01_AXI_araddr[18]
WARNING: [Synth 8-3331] design design_1_microblaze_0_axi_periph_0 has unconnected port S01_AXI_araddr[17]
WARNING: [Synth 8-3331] design design_1_microblaze_0_axi_periph_0 has unconnected port S01_AXI_araddr[16]
WARNING: [Synth 8-3331] design design_1_microblaze_0_axi_periph_0 has unconnected port S01_AXI_araddr[15]
WARNING: [Synth 8-3331] design design_1_microblaze_0_axi_periph_0 has unconnected port S01_AXI_araddr[14]
WARNING: [Synth 8-3331] design design_1_microblaze_0_axi_periph_0 has unconnected port S01_AXI_araddr[13]
WARNING: [Synth 8-3331] design design_1_microblaze_0_axi_periph_0 has unconnected port S01_AXI_araddr[12]
WARNING: [Synth 8-3331] design design_1_microblaze_0_axi_periph_0 has unconnected port S01_AXI_araddr[11]
WARNING: [Synth 8-3331] design design_1_microblaze_0_axi_periph_0 has unconnected port S01_AXI_araddr[10]
WARNING: [Synth 8-3331] design design_1_microblaze_0_axi_periph_0 has unconnected port S01_AXI_araddr[9]
WARNING: [Synth 8-3331] design design_1_microblaze_0_axi_periph_0 has unconnected port S01_AXI_araddr[8]
WARNING: [Synth 8-3331] design design_1_microblaze_0_axi_periph_0 has unconnected port S01_AXI_araddr[7]
WARNING: [Synth 8-3331] design design_1_microblaze_0_axi_periph_0 has unconnected port S01_AXI_araddr[6]
WARNING: [Synth 8-3331] design design_1_microblaze_0_axi_periph_0 has unconnected port S01_AXI_araddr[5]
WARNING: [Synth 8-3331] design design_1_microblaze_0_axi_periph_0 has unconnected port S01_AXI_araddr[4]
WARNING: [Synth 8-3331] design design_1_microblaze_0_axi_periph_0 has unconnected port S01_AXI_araddr[3]
WARNING: [Synth 8-3331] design design_1_microblaze_0_axi_periph_0 has unconnected port S01_AXI_araddr[2]
WARNING: [Synth 8-3331] design design_1_microblaze_0_axi_periph_0 has unconnected port S01_AXI_araddr[1]
WARNING: [Synth 8-3331] design design_1_microblaze_0_axi_periph_0 has unconnected port S01_AXI_arburst[1]
WARNING: [Synth 8-3331] design design_1_microblaze_0_axi_periph_0 has unconnected port S01_AXI_arcache[3]
WARNING: [Synth 8-3331] design design_1_microblaze_0_axi_periph_0 has unconnected port S01_AXI_arcache[2]
WARNING: [Synth 8-3331] design design_1_microblaze_0_axi_periph_0 has unconnected port S01_AXI_arcache[1]
WARNING: [Synth 8-3331] design design_1_microblaze_0_axi_periph_0 has unconnected port S01_AXI_arlen[7]
WARNING: [Synth 8-3331] design design_1_microblaze_0_axi_periph_0 has unconnected port S01_AXI_arlen[6]
WARNING: [Synth 8-3331] design design_1_microblaze_0_axi_periph_0 has unconnected port S01_AXI_arlen[5]
WARNING: [Synth 8-3331] design design_1_microblaze_0_axi_periph_0 has unconnected port S01_AXI_arlen[4]
WARNING: [Synth 8-3331] design design_1_microblaze_0_axi_periph_0 has unconnected port S01_AXI_arlen[3]
WARNING: [Synth 8-3331] design design_1_microblaze_0_axi_periph_0 has unconnected port S01_AXI_arlen[2]
WARNING: [Synth 8-3331] design design_1_microblaze_0_axi_periph_0 has unconnected port S01_AXI_arlen[1]
WARNING: [Synth 8-3331] design design_1_microblaze_0_axi_periph_0 has unconnected port S01_AXI_arprot[2]
WARNING: [Synth 8-3331] design design_1_microblaze_0_axi_periph_0 has unconnected port S01_AXI_arprot[1]
WARNING: [Synth 8-3331] design design_1_microblaze_0_axi_periph_0 has unconnected port S01_AXI_arqos[3]
WARNING: [Synth 8-3331] design design_1_microblaze_0_axi_periph_0 has unconnected port S01_AXI_arqos[2]
WARNING: [Synth 8-3331] design design_1_microblaze_0_axi_periph_0 has unconnected port S01_AXI_arqos[1]
WARNING: [Synth 8-3331] design design_1_microblaze_0_axi_periph_0 has unconnected port S01_AXI_arsize[2]
WARNING: [Synth 8-3331] design design_1_microblaze_0_axi_periph_0 has unconnected port S01_AXI_arsize[1]
WARNING: [Synth 8-3331] design design_1_microblaze_0_axi_periph_0 has unconnected port S01_AXI_awaddr[31]
WARNING: [Synth 8-3331] design design_1_microblaze_0_axi_periph_0 has unconnected port S01_AXI_awaddr[30]
WARNING: [Synth 8-3331] design design_1_microblaze_0_axi_periph_0 has unconnected port S01_AXI_awaddr[29]
WARNING: [Synth 8-3331] design design_1_microblaze_0_axi_periph_0 has unconnected port S01_AXI_awaddr[28]
WARNING: [Synth 8-3331] design design_1_microblaze_0_axi_periph_0 has unconnected port S01_AXI_awaddr[27]
WARNING: [Synth 8-3331] design design_1_microblaze_0_axi_periph_0 has unconnected port S01_AXI_awaddr[26]
WARNING: [Synth 8-3331] design design_1_microblaze_0_axi_periph_0 has unconnected port S01_AXI_awaddr[25]
WARNING: [Synth 8-3331] design design_1_microblaze_0_axi_periph_0 has unconnected port S01_AXI_awaddr[24]
WARNING: [Synth 8-3331] design design_1_microblaze_0_axi_periph_0 has unconnected port S01_AXI_awaddr[23]
WARNING: [Synth 8-3331] design design_1_microblaze_0_axi_periph_0 has unconnected port S01_AXI_awaddr[22]
WARNING: [Synth 8-3331] design design_1_microblaze_0_axi_periph_0 has unconnected port S01_AXI_awaddr[21]
WARNING: [Synth 8-3331] design design_1_microblaze_0_axi_periph_0 has unconnected port S01_AXI_awaddr[20]
WARNING: [Synth 8-3331] design design_1_microblaze_0_axi_periph_0 has unconnected port S01_AXI_awaddr[19]
WARNING: [Synth 8-3331] design design_1_microblaze_0_axi_periph_0 has unconnected port S01_AXI_awaddr[18]
WARNING: [Synth 8-3331] design design_1_microblaze_0_axi_periph_0 has unconnected port S01_AXI_awaddr[17]
WARNING: [Synth 8-3331] design design_1_microblaze_0_axi_periph_0 has unconnected port S01_AXI_awaddr[16]
WARNING: [Synth 8-3331] design design_1_microblaze_0_axi_periph_0 has unconnected port S01_AXI_awaddr[15]
INFO: [Common 17-14] Message 'Synth 8-3331' appears 100 times and further instances of the messages will be disabled. Use the Tcl command set_msg_config to change the current settings.
---------------------------------------------------------------------------------
Finished RTL Elaboration : Time (s): cpu = 00:00:02 ; elapsed = 00:00:03 . Memory (MB): peak = 558.289 ; gain = 160.574
---------------------------------------------------------------------------------

Report Check Netlist: 
+------+------------------+-------+---------+-------+------------------+
|      |Item              |Errors |Warnings |Status |Description       |
+------+------------------+-------+---------+-------+------------------+
|1     |multi_driven_nets |      0|        0|Passed |Multi driven nets |
+------+------------------+-------+---------+-------+------------------+
---------------------------------------------------------------------------------
Start Handling Custom Attributes
---------------------------------------------------------------------------------
---------------------------------------------------------------------------------
Finished Handling Custom Attributes : Time (s): cpu = 00:00:03 ; elapsed = 00:00:03 . Memory (MB): peak = 558.289 ; gain = 160.574
---------------------------------------------------------------------------------
---------------------------------------------------------------------------------
Finished RTL Optimization Phase 1 : Time (s): cpu = 00:00:03 ; elapsed = 00:00:03 . Memory (MB): peak = 558.289 ; gain = 160.574
---------------------------------------------------------------------------------
INFO: [Device 21-403] Loading part xc7a35ticsg324-1L
INFO: [Project 1-570] Preparing netlist for logic optimization

Processing XDC Constraints
Initializing timing engine
Parsing XDC File [c:/Users/npcar/Desktop/Nueva_carpeta/vivado_p-rueba/project_2/project_2.srcs/sources_1/bd/design_1/ip/design_1_microblaze_0_0/design_1_microblaze_0_0/design_1_microblaze_0_0_in_context.xdc] for cell 'design_1_i/microblaze_0'
Finished Parsing XDC File [c:/Users/npcar/Desktop/Nueva_carpeta/vivado_p-rueba/project_2/project_2.srcs/sources_1/bd/design_1/ip/design_1_microblaze_0_0/design_1_microblaze_0_0/design_1_microblaze_0_0_in_context.xdc] for cell 'design_1_i/microblaze_0'
Parsing XDC File [c:/Users/npcar/Desktop/Nueva_carpeta/vivado_p-rueba/project_2/project_2.srcs/sources_1/bd/design_1/ip/design_1_dlmb_v10_0/design_1_dlmb_v10_0/design_1_ilmb_v10_0_in_context.xdc] for cell 'design_1_i/microblaze_0_local_memory/dlmb_v10'
Finished Parsing XDC File [c:/Users/npcar/Desktop/Nueva_carpeta/vivado_p-rueba/project_2/project_2.srcs/sources_1/bd/design_1/ip/design_1_dlmb_v10_0/design_1_dlmb_v10_0/design_1_ilmb_v10_0_in_context.xdc] for cell 'design_1_i/microblaze_0_local_memory/dlmb_v10'
Parsing XDC File [c:/Users/npcar/Desktop/Nueva_carpeta/vivado_p-rueba/project_2/project_2.srcs/sources_1/bd/design_1/ip/design_1_ilmb_v10_0/design_1_ilmb_v10_0/design_1_ilmb_v10_0_in_context.xdc] for cell 'design_1_i/microblaze_0_local_memory/ilmb_v10'
Finished Parsing XDC File [c:/Users/npcar/Desktop/Nueva_carpeta/vivado_p-rueba/project_2/project_2.srcs/sources_1/bd/design_1/ip/design_1_ilmb_v10_0/design_1_ilmb_v10_0/design_1_ilmb_v10_0_in_context.xdc] for cell 'design_1_i/microblaze_0_local_memory/ilmb_v10'
Parsing XDC File [c:/Users/npcar/Desktop/Nueva_carpeta/vivado_p-rueba/project_2/project_2.srcs/sources_1/bd/design_1/ip/design_1_dlmb_bram_if_cntlr_0/design_1_dlmb_bram_if_cntlr_0/design_1_dlmb_bram_if_cntlr_0_in_context.xdc] for cell 'design_1_i/microblaze_0_local_memory/dlmb_bram_if_cntlr'
Finished Parsing XDC File [c:/Users/npcar/Desktop/Nueva_carpeta/vivado_p-rueba/project_2/project_2.srcs/sources_1/bd/design_1/ip/design_1_dlmb_bram_if_cntlr_0/design_1_dlmb_bram_if_cntlr_0/design_1_dlmb_bram_if_cntlr_0_in_context.xdc] for cell 'design_1_i/microblaze_0_local_memory/dlmb_bram_if_cntlr'
Parsing XDC File [c:/Users/npcar/Desktop/Nueva_carpeta/vivado_p-rueba/project_2/project_2.srcs/sources_1/bd/design_1/ip/design_1_ilmb_bram_if_cntlr_0/design_1_ilmb_bram_if_cntlr_0/design_1_ilmb_bram_if_cntlr_0_in_context.xdc] for cell 'design_1_i/microblaze_0_local_memory/ilmb_bram_if_cntlr'
Finished Parsing XDC File [c:/Users/npcar/Desktop/Nueva_carpeta/vivado_p-rueba/project_2/project_2.srcs/sources_1/bd/design_1/ip/design_1_ilmb_bram_if_cntlr_0/design_1_ilmb_bram_if_cntlr_0/design_1_ilmb_bram_if_cntlr_0_in_context.xdc] for cell 'design_1_i/microblaze_0_local_memory/ilmb_bram_if_cntlr'
Parsing XDC File [c:/Users/npcar/Desktop/Nueva_carpeta/vivado_p-rueba/project_2/project_2.srcs/sources_1/bd/design_1/ip/design_1_lmb_bram_0/design_1_lmb_bram_0/design_1_lmb_bram_0_in_context.xdc] for cell 'design_1_i/microblaze_0_local_memory/lmb_bram'
Finished Parsing XDC File [c:/Users/npcar/Desktop/Nueva_carpeta/vivado_p-rueba/project_2/project_2.srcs/sources_1/bd/design_1/ip/design_1_lmb_bram_0/design_1_lmb_bram_0/design_1_lmb_bram_0_in_context.xdc] for cell 'design_1_i/microblaze_0_local_memory/lmb_bram'
Parsing XDC File [c:/Users/npcar/Desktop/Nueva_carpeta/vivado_p-rueba/project_2/project_2.srcs/sources_1/bd/design_1/ip/design_1_mdm_1_0/design_1_mdm_1_0/design_1_mdm_1_0_in_context.xdc] for cell 'design_1_i/mdm_1'
Finished Parsing XDC File [c:/Users/npcar/Desktop/Nueva_carpeta/vivado_p-rueba/project_2/project_2.srcs/sources_1/bd/design_1/ip/design_1_mdm_1_0/design_1_mdm_1_0/design_1_mdm_1_0_in_context.xdc] for cell 'design_1_i/mdm_1'
Parsing XDC File [c:/Users/npcar/Desktop/Nueva_carpeta/vivado_p-rueba/project_2/project_2.srcs/sources_1/bd/design_1/ip/design_1_clk_wiz_1_0/design_1_clk_wiz_1_0/design_1_clk_wiz_1_0_in_context.xdc] for cell 'design_1_i/clk_wiz_1'
Finished Parsing XDC File [c:/Users/npcar/Desktop/Nueva_carpeta/vivado_p-rueba/project_2/project_2.srcs/sources_1/bd/design_1/ip/design_1_clk_wiz_1_0/design_1_clk_wiz_1_0/design_1_clk_wiz_1_0_in_context.xdc] for cell 'design_1_i/clk_wiz_1'
Parsing XDC File [c:/Users/npcar/Desktop/Nueva_carpeta/vivado_p-rueba/project_2/project_2.srcs/sources_1/bd/design_1/ip/design_1_rst_clk_wiz_1_100M_0/design_1_rst_clk_wiz_1_100M_0/design_1_rst_clk_wiz_1_100M_0_in_context.xdc] for cell 'design_1_i/rst_clk_wiz_1_100M'
Finished Parsing XDC File [c:/Users/npcar/Desktop/Nueva_carpeta/vivado_p-rueba/project_2/project_2.srcs/sources_1/bd/design_1/ip/design_1_rst_clk_wiz_1_100M_0/design_1_rst_clk_wiz_1_100M_0/design_1_rst_clk_wiz_1_100M_0_in_context.xdc] for cell 'design_1_i/rst_clk_wiz_1_100M'
Parsing XDC File [c:/Users/npcar/Desktop/Nueva_carpeta/vivado_p-rueba/project_2/project_2.srcs/sources_1/bd/design_1/ip/design_1_axi_uartlite_0_0/design_1_axi_uartlite_0_0/design_1_axi_uartlite_0_0_in_context.xdc] for cell 'design_1_i/axi_uartlite_0'
Finished Parsing XDC File [c:/Users/npcar/Desktop/Nueva_carpeta/vivado_p-rueba/project_2/project_2.srcs/sources_1/bd/design_1/ip/design_1_axi_uartlite_0_0/design_1_axi_uartlite_0_0/design_1_axi_uartlite_0_0_in_context.xdc] for cell 'design_1_i/axi_uartlite_0'
Parsing XDC File [c:/Users/npcar/Desktop/Nueva_carpeta/vivado_p-rueba/project_2/project_2.srcs/sources_1/bd/design_1/ip/design_1_axi_quad_spi_0_0/design_1_axi_quad_spi_0_0/design_1_axi_quad_spi_0_0_in_context.xdc] for cell 'design_1_i/axi_quad_spi_0'
Finished Parsing XDC File [c:/Users/npcar/Desktop/Nueva_carpeta/vivado_p-rueba/project_2/project_2.srcs/sources_1/bd/design_1/ip/design_1_axi_quad_spi_0_0/design_1_axi_quad_spi_0_0/design_1_axi_quad_spi_0_0_in_context.xdc] for cell 'design_1_i/axi_quad_spi_0'
Parsing XDC File [c:/Users/npcar/Desktop/Nueva_carpeta/vivado_p-rueba/project_2/project_2.srcs/sources_1/bd/design_1/ip/design_1_xbar_0/design_1_xbar_0/design_1_xbar_0_in_context.xdc] for cell 'design_1_i/microblaze_0_axi_periph/xbar'
Finished Parsing XDC File [c:/Users/npcar/Desktop/Nueva_carpeta/vivado_p-rueba/project_2/project_2.srcs/sources_1/bd/design_1/ip/design_1_xbar_0/design_1_xbar_0/design_1_xbar_0_in_context.xdc] for cell 'design_1_i/microblaze_0_axi_periph/xbar'
Parsing XDC File [c:/Users/npcar/Desktop/Nueva_carpeta/vivado_p-rueba/project_2/project_2.srcs/sources_1/bd/design_1/ip/design_1_axi_iic_0_0/design_1_axi_iic_0_0/design_1_axi_iic_0_0_in_context.xdc] for cell 'design_1_i/axi_iic_0'
Finished Parsing XDC File [c:/Users/npcar/Desktop/Nueva_carpeta/vivado_p-rueba/project_2/project_2.srcs/sources_1/bd/design_1/ip/design_1_axi_iic_0_0/design_1_axi_iic_0_0/design_1_axi_iic_0_0_in_context.xdc] for cell 'design_1_i/axi_iic_0'
Parsing XDC File [C:/Users/npcar/Desktop/Nueva_carpeta/vivado_p-rueba/project_2/project_2.srcs/constrs_1/imports/Desktop/Arty-A7-35.xdc]
Finished Parsing XDC File [C:/Users/npcar/Desktop/Nueva_carpeta/vivado_p-rueba/project_2/project_2.srcs/constrs_1/imports/Desktop/Arty-A7-35.xdc]
INFO: [Project 1-236] Implementation specific constraints were found while reading constraint file [C:/Users/npcar/Desktop/Nueva_carpeta/vivado_p-rueba/project_2/project_2.srcs/constrs_1/imports/Desktop/Arty-A7-35.xdc]. These constraints will be ignored for synthesis but will be used in implementation. Impacted constraints are listed in the file [.Xil/design_1_wrapper_propImpl.xdc].
Resolution: To avoid this warning, move constraints listed in [.Xil/design_1_wrapper_propImpl.xdc] to another XDC file and exclude this new file from synthesis with the used_in_synthesis property (File Properties dialog in GUI) and re-run elaboration/synthesis.
Parsing XDC File [C:/Users/npcar/Desktop/Nueva_carpeta/vivado_p-rueba/project_2/project_2.runs/synth_1/dont_touch.xdc]
Finished Parsing XDC File [C:/Users/npcar/Desktop/Nueva_carpeta/vivado_p-rueba/project_2/project_2.runs/synth_1/dont_touch.xdc]
Netlist sorting complete. Time (s): cpu = 00:00:00 ; elapsed = 00:00:00 . Memory (MB): peak = 853.082 ; gain = 0.000
Completed Processing XDC Constraints

Netlist sorting complete. Time (s): cpu = 00:00:00 ; elapsed = 00:00:00 . Memory (MB): peak = 853.082 ; gain = 0.000
INFO: [Project 1-111] Unisim Transformation Summary:
No Unisim elements were transformed.

Netlist sorting complete. Time (s): cpu = 00:00:00 ; elapsed = 00:00:00.001 . Memory (MB): peak = 853.082 ; gain = 0.000
Constraint Validation Runtime : Time (s): cpu = 00:00:00 ; elapsed = 00:00:00.007 . Memory (MB): peak = 853.082 ; gain = 0.000
WARNING: [Timing 38-316] Clock period '20.000' specified during out-of-context synthesis of instance 'design_1_i/axi_quad_spi_0' at clock pin 'ext_spi_clk' is different from the actual clock period '10.000', this can lead to different synthesis results.
WARNING: [Timing 38-316] Clock period '20.000' specified during out-of-context synthesis of instance 'design_1_i/microblaze_0_local_memory/lmb_bram' at clock pin 'clka' is different from the actual clock period '10.000', this can lead to different synthesis results.
---------------------------------------------------------------------------------
Finished Constraint Validation : Time (s): cpu = 00:00:09 ; elapsed = 00:00:10 . Memory (MB): peak = 853.082 ; gain = 455.367
---------------------------------------------------------------------------------
---------------------------------------------------------------------------------
Start Loading Part and Timing Information
---------------------------------------------------------------------------------
Loading part: xc7a35ticsg324-1L
---------------------------------------------------------------------------------
Finished Loading Part and Timing Information : Time (s): cpu = 00:00:09 ; elapsed = 00:00:10 . Memory (MB): peak = 853.082 ; gain = 455.367
---------------------------------------------------------------------------------
---------------------------------------------------------------------------------
Start Applying 'set_property' XDC Constraints
---------------------------------------------------------------------------------
Applied set_property IO_BUFFER_TYPE = NONE for CLK100MHZ. (constraint file  c:/Users/npcar/Desktop/Nueva_carpeta/vivado_p-rueba/project_2/project_2.srcs/sources_1/bd/design_1/ip/design_1_clk_wiz_1_0/design_1_clk_wiz_1_0/design_1_clk_wiz_1_0_in_context.xdc, line 3).
Applied set_property CLOCK_BUFFER_TYPE = NONE for CLK100MHZ. (constraint file  c:/Users/npcar/Desktop/Nueva_carpeta/vivado_p-rueba/project_2/project_2.srcs/sources_1/bd/design_1/ip/design_1_clk_wiz_1_0/design_1_clk_wiz_1_0/design_1_clk_wiz_1_0_in_context.xdc, line 4).
Applied set_property DONT_TOUCH = true for design_1_i. (constraint file  auto generated constraint, line ).
Applied set_property DONT_TOUCH = true for design_1_i/microblaze_0. (constraint file  auto generated constraint, line ).
Applied set_property DONT_TOUCH = true for design_1_i/microblaze_0_local_memory/dlmb_v10. (constraint file  auto generated constraint, line ).
Applied set_property DONT_TOUCH = true for design_1_i/microblaze_0_local_memory/ilmb_v10. (constraint file  auto generated constraint, line ).
Applied set_property DONT_TOUCH = true for design_1_i/microblaze_0_local_memory/dlmb_bram_if_cntlr. (constraint file  auto generated constraint, line ).
Applied set_property DONT_TOUCH = true for design_1_i/microblaze_0_local_memory/ilmb_bram_if_cntlr. (constraint file  auto generated constraint, line ).
Applied set_property DONT_TOUCH = true for design_1_i/microblaze_0_local_memory/lmb_bram. (constraint file  auto generated constraint, line ).
Applied set_property DONT_TOUCH = true for design_1_i/mdm_1. (constraint file  auto generated constraint, line ).
Applied set_property DONT_TOUCH = true for design_1_i/clk_wiz_1. (constraint file  auto generated constraint, line ).
Applied set_property DONT_TOUCH = true for design_1_i/rst_clk_wiz_1_100M. (constraint file  auto generated constraint, line ).
Applied set_property DONT_TOUCH = true for design_1_i/axi_uartlite_0. (constraint file  auto generated constraint, line ).
Applied set_property DONT_TOUCH = true for design_1_i/axi_quad_spi_0. (constraint file  auto generated constraint, line ).
Applied set_property DONT_TOUCH = true for design_1_i/microblaze_0_axi_periph/xbar. (constraint file  auto generated constraint, line ).
Applied set_property DONT_TOUCH = true for design_1_i/microblaze_0_axi_periph. (constraint file  auto generated constraint, line ).
Applied set_property DONT_TOUCH = true for design_1_i/axi_iic_0. (constraint file  auto generated constraint, line ).
---------------------------------------------------------------------------------
Finished applying 'set_property' XDC Constraints : Time (s): cpu = 00:00:09 ; elapsed = 00:00:10 . Memory (MB): peak = 853.082 ; gain = 455.367
---------------------------------------------------------------------------------
---------------------------------------------------------------------------------
Finished RTL Optimization Phase 2 : Time (s): cpu = 00:00:09 ; elapsed = 00:00:10 . Memory (MB): peak = 853.082 ; gain = 455.367
---------------------------------------------------------------------------------

Report RTL Partitions: 
+-+--------------+------------+----------+
| |RTL Partition |Replication |Instances |
+-+--------------+------------+----------+
+-+--------------+------------+----------+
---------------------------------------------------------------------------------
Start RTL Component Statistics 
---------------------------------------------------------------------------------
Detailed RTL Component Info : 
---------------------------------------------------------------------------------
Finished RTL Component Statistics 
---------------------------------------------------------------------------------
---------------------------------------------------------------------------------
Start RTL Hierarchical Component Statistics 
---------------------------------------------------------------------------------
Hierarchical RTL Component report 
---------------------------------------------------------------------------------
Finished RTL Hierarchical Component Statistics
---------------------------------------------------------------------------------
---------------------------------------------------------------------------------
Start Part Resource Summary
---------------------------------------------------------------------------------
Part Resources:
DSPs: 90 (col length:60)
BRAMs: 100 (col length: RAMB18 60 RAMB36 30)
---------------------------------------------------------------------------------
Finished Part Resource Summary
---------------------------------------------------------------------------------
---------------------------------------------------------------------------------
Start Cross Boundary and Area Optimization
---------------------------------------------------------------------------------
Warning: Parallel synthesis criteria is not met 
---------------------------------------------------------------------------------
Finished Cross Boundary and Area Optimization : Time (s): cpu = 00:00:10 ; elapsed = 00:00:11 . Memory (MB): peak = 853.082 ; gain = 455.367
---------------------------------------------------------------------------------

Report RTL Partitions: 
+-+--------------+------------+----------+
| |RTL Partition |Replication |Instances |
+-+--------------+------------+----------+
+-+--------------+------------+----------+
---------------------------------------------------------------------------------
Start Applying XDC Timing Constraints
---------------------------------------------------------------------------------
INFO: [Synth 8-5578] Moved timing constraint from pin 'design_1_i/microblaze_0_local_memory/dlmb_bram_if_cntlr/BRAM_Clk_A' to pin 'design_1_i/microblaze_0_local_memory/dlmb_bram_if_cntlr/bbstub_BRAM_Clk_A/O'
INFO: [Synth 8-5578] Moved timing constraint from pin 'design_1_i/microblaze_0_local_memory/ilmb_bram_if_cntlr/BRAM_Clk_A' to pin 'design_1_i/microblaze_0_local_memory/ilmb_bram_if_cntlr/bbstub_BRAM_Clk_A/O'
INFO: [Synth 8-5578] Moved timing constraint from pin 'design_1_i/mdm_1/Dbg_Clk_0' to pin 'design_1_i/mdm_1/bbstub_Dbg_Clk_0/O'
INFO: [Synth 8-5578] Moved timing constraint from pin 'design_1_i/mdm_1/Dbg_Update_0' to pin 'design_1_i/mdm_1/bbstub_Dbg_Update_0/O'
INFO: [Synth 8-5578] Moved timing constraint from pin 'design_1_i/clk_wiz_1/clk_out1' to pin 'design_1_i/clk_wiz_1/bbstub_clk_out1/O'
INFO: [Synth 8-5819] Moved 5 constraints on hierarchical pins to their respective driving/loading pins
---------------------------------------------------------------------------------
Finished Applying XDC Timing Constraints : Time (s): cpu = 00:00:16 ; elapsed = 00:00:17 . Memory (MB): peak = 864.613 ; gain = 466.898
---------------------------------------------------------------------------------
---------------------------------------------------------------------------------
Start Timing Optimization
---------------------------------------------------------------------------------
---------------------------------------------------------------------------------
Finished Timing Optimization : Time (s): cpu = 00:00:16 ; elapsed = 00:00:17 . Memory (MB): peak = 864.762 ; gain = 467.047
---------------------------------------------------------------------------------

Report RTL Partitions: 
+-+--------------+------------+----------+
| |RTL Partition |Replication |Instances |
+-+--------------+------------+----------+
+-+--------------+------------+----------+
---------------------------------------------------------------------------------
Start Technology Mapping
---------------------------------------------------------------------------------
---------------------------------------------------------------------------------
Finished Technology Mapping : Time (s): cpu = 00:00:16 ; elapsed = 00:00:17 . Memory (MB): peak = 874.676 ; gain = 476.961
---------------------------------------------------------------------------------

Report RTL Partitions: 
+-+--------------+------------+----------+
| |RTL Partition |Replication |Instances |
+-+--------------+------------+----------+
+-+--------------+------------+----------+
---------------------------------------------------------------------------------
Start IO Insertion
---------------------------------------------------------------------------------
---------------------------------------------------------------------------------
Start Flattening Before IO Insertion
---------------------------------------------------------------------------------
---------------------------------------------------------------------------------
Finished Flattening Before IO Insertion
---------------------------------------------------------------------------------
---------------------------------------------------------------------------------
Start Final Netlist Cleanup
---------------------------------------------------------------------------------
---------------------------------------------------------------------------------
Finished Final Netlist Cleanup
---------------------------------------------------------------------------------
---------------------------------------------------------------------------------
Finished IO Insertion : Time (s): cpu = 00:00:16 ; elapsed = 00:00:17 . Memory (MB): peak = 874.676 ; gain = 476.961
---------------------------------------------------------------------------------

Report Check Netlist: 
+------+------------------+-------+---------+-------+------------------+
|      |Item              |Errors |Warnings |Status |Description       |
+------+------------------+-------+---------+-------+------------------+
|1     |multi_driven_nets |      0|        0|Passed |Multi driven nets |
+------+------------------+-------+---------+-------+------------------+
---------------------------------------------------------------------------------
Start Renaming Generated Instances
---------------------------------------------------------------------------------
---------------------------------------------------------------------------------
Finished Renaming Generated Instances : Time (s): cpu = 00:00:16 ; elapsed = 00:00:17 . Memory (MB): peak = 874.676 ; gain = 476.961
---------------------------------------------------------------------------------

Report RTL Partitions: 
+-+--------------+------------+----------+
| |RTL Partition |Replication |Instances |
+-+--------------+------------+----------+
+-+--------------+------------+----------+
---------------------------------------------------------------------------------
Start Rebuilding User Hierarchy
---------------------------------------------------------------------------------
---------------------------------------------------------------------------------
Finished Rebuilding User Hierarchy : Time (s): cpu = 00:00:16 ; elapsed = 00:00:17 . Memory (MB): peak = 874.676 ; gain = 476.961
---------------------------------------------------------------------------------
---------------------------------------------------------------------------------
Start Renaming Generated Ports
---------------------------------------------------------------------------------
---------------------------------------------------------------------------------
Finished Renaming Generated Ports : Time (s): cpu = 00:00:16 ; elapsed = 00:00:18 . Memory (MB): peak = 874.676 ; gain = 476.961
---------------------------------------------------------------------------------
---------------------------------------------------------------------------------
Start Handling Custom Attributes
---------------------------------------------------------------------------------
---------------------------------------------------------------------------------
Finished Handling Custom Attributes : Time (s): cpu = 00:00:17 ; elapsed = 00:00:18 . Memory (MB): peak = 874.676 ; gain = 476.961
---------------------------------------------------------------------------------
---------------------------------------------------------------------------------
Start Renaming Generated Nets
---------------------------------------------------------------------------------
---------------------------------------------------------------------------------
Finished Renaming Generated Nets : Time (s): cpu = 00:00:17 ; elapsed = 00:00:18 . Memory (MB): peak = 874.676 ; gain = 476.961
---------------------------------------------------------------------------------
---------------------------------------------------------------------------------
Start Writing Synthesis Report
---------------------------------------------------------------------------------

Report BlackBoxes: 
+------+------------------------------+----------+
|      |BlackBox name                 |Instances |
+------+------------------------------+----------+
|1     |design_1_xbar_0               |         1|
|2     |design_1_axi_iic_0_0          |         1|
|3     |design_1_axi_quad_spi_0_0     |         1|
|4     |design_1_axi_uartlite_0_0     |         1|
|5     |design_1_clk_wiz_1_0          |         1|
|6     |design_1_mdm_1_0              |         1|
|7     |design_1_microblaze_0_0       |         1|
|8     |design_1_rst_clk_wiz_1_100M_0 |         1|
|9     |design_1_dlmb_bram_if_cntlr_0 |         1|
|10    |design_1_dlmb_v10_0           |         1|
|11    |design_1_ilmb_bram_if_cntlr_0 |         1|
|12    |design_1_ilmb_v10_0           |         1|
|13    |design_1_lmb_bram_0           |         1|
+------+------------------------------+----------+

Report Cell Usage: 
+------+------------------------------+------+
|      |Cell                          |Count |
+------+------------------------------+------+
|1     |design_1_axi_iic_0_0          |     1|
|2     |design_1_axi_quad_spi_0_0     |     1|
|3     |design_1_axi_uartlite_0_0     |     1|
|4     |design_1_clk_wiz_1_0          |     1|
|5     |design_1_dlmb_bram_if_cntlr_0 |     1|
|6     |design_1_dlmb_v10_0           |     1|
|7     |design_1_ilmb_bram_if_cntlr_0 |     1|
|8     |design_1_ilmb_v10_0           |     1|
|9     |design_1_lmb_bram_0           |     1|
|10    |design_1_mdm_1_0              |     1|
|11    |design_1_microblaze_0_0       |     1|
|12    |design_1_rst_clk_wiz_1_100M_0 |     1|
|13    |design_1_xbar_0               |     1|
|14    |IBUF                          |     3|
|15    |OBUF                          |     6|
+------+------------------------------+------+

Report Instance Areas: 
+------+------------------------------+--------------------------------------+------+
|      |Instance                      |Module                                |Cells |
+------+------------------------------+--------------------------------------+------+
|1     |top                           |                                      |  1343|
|2     |  design_1_i                  |design_1                              |  1334|
|3     |    microblaze_0_axi_periph   |design_1_microblaze_0_axi_periph_0    |   456|
|4     |    microblaze_0_local_memory |microblaze_0_local_memory_imp_1K0VQXK |   496|
+------+------------------------------+--------------------------------------+------+
---------------------------------------------------------------------------------
Finished Writing Synthesis Report : Time (s): cpu = 00:00:17 ; elapsed = 00:00:18 . Memory (MB): peak = 874.676 ; gain = 476.961
---------------------------------------------------------------------------------
Synthesis finished with 0 errors, 0 critical warnings and 212 warnings.
Synthesis Optimization Runtime : Time (s): cpu = 00:00:10 ; elapsed = 00:00:13 . Memory (MB): peak = 874.676 ; gain = 182.168
Synthesis Optimization Complete : Time (s): cpu = 00:00:17 ; elapsed = 00:00:18 . Memory (MB): peak = 874.676 ; gain = 476.961
INFO: [Project 1-571] Translating synthesized netlist
INFO: [Project 1-570] Preparing netlist for logic optimization
INFO: [Opt 31-138] Pushed 0 inverter(s) to 0 load pin(s).
Netlist sorting complete. Time (s): cpu = 00:00:00 ; elapsed = 00:00:00 . Memory (MB): peak = 883.938 ; gain = 0.000
INFO: [Project 1-111] Unisim Transformation Summary:
No Unisim elements were transformed.

INFO: [Common 17-83] Releasing license: Synthesis
66 Infos, 114 Warnings, 0 Critical Warnings and 0 Errors encountered.
synth_design completed successfully
synth_design: Time (s): cpu = 00:00:18 ; elapsed = 00:00:20 . Memory (MB): peak = 883.965 ; gain = 493.195
Netlist sorting complete. Time (s): cpu = 00:00:00 ; elapsed = 00:00:00 . Memory (MB): peak = 883.965 ; gain = 0.000
WARNING: [Constraints 18-5210] No constraints selected for write.
Resolution: This message can indicate that there are no constraints for the design, or it can indicate that the used_in flags are set such that the constraints are ignored. This later case is used when running synth_design to not write synthesis constraints to the resulting checkpoint. Instead, project constraints are read when the synthesized design is opened.
INFO: [Common 17-1381] The checkpoint 'C:/Users/npcar/Desktop/Nueva_carpeta/vivado_p-rueba/project_2/project_2.runs/synth_1/design_1_wrapper.dcp' has been generated.
INFO: [runtcl-4] Executing : report_utilization -file design_1_wrapper_utilization_synth.rpt -pb design_1_wrapper_utilization_synth.pb
INFO: [Common 17-206] Exiting Vivado at Sat Feb  5 19:34:05 2022...
