19:12:21 INFO  : Registering command handlers for SDK TCF services
19:12:22 INFO  : Launching XSCT server: xsct.bat -interactive C:\Users\npcar\Desktop\Nueva_carpeta\vivado_p-rueba\project_2\project_2.sdk\temp_xsdb_launch_script.tcl
19:12:24 INFO  : XSCT server has started successfully.
19:12:26 INFO  : Successfully done setting XSCT server connection channel  
19:12:26 INFO  : Successfully done setting SDK workspace  
19:12:26 INFO  : Processing command line option -hwspec C:/Users/npcar/Desktop/Nueva_carpeta/vivado_p-rueba/project_2/project_2.sdk/design_1_wrapper.hdf.
19:17:44 INFO  : Connected to target on host '127.0.0.1' and port '3121'.
19:17:46 INFO  : 'targets -set -filter {jtag_cable_name =~ "Digilent Arty 210319A76889A" && level==0} -index 0' command is executed.
19:17:48 INFO  : FPGA configured successfully with bitstream "C:/Users/npcar/Desktop/Nueva_carpeta/vivado_p-rueba/project_2/project_2.sdk/design_1_wrapper_hw_platform_0/download.bit"
19:18:15 INFO  : 'targets -set -filter {jtag_cable_name =~ "Digilent Arty 210319A76889A" && level==0} -index 0' command is executed.
19:18:15 INFO  : 'fpga -state' command is executed.
19:18:15 INFO  : Connected to target on host '127.0.0.1' and port '3121'.
19:18:15 INFO  : Jtag cable 'Digilent Arty 210319A76889A' is selected.
19:18:15 INFO  : 'jtag frequency' command is executed.
19:18:15 INFO  : 'configparams mdm-detect-bscan-mask 2' command is executed.
19:18:15 INFO  : Context for processor 'microblaze_0' is selected.
19:18:15 INFO  : Processor reset is completed for 'microblaze_0'.
19:18:15 INFO  : Context for processor 'microblaze_0' is selected.
19:18:15 INFO  : The application 'C:/Users/npcar/Desktop/Nueva_carpeta/vivado_p-rueba/project_2/project_2.sdk/test_microblaze/Debug/test_microblaze.elf' is downloaded to processor 'microblaze_0'.
19:18:15 INFO  : ----------------XSDB Script----------------
connect -url tcp:127.0.0.1:3121
configparams mdm-detect-bscan-mask 2
targets -set -nocase -filter {name =~ "microblaze*#0" && bscan=="USER2"  && jtag_cable_name =~ "Digilent Arty 210319A76889A"} -index 0
rst -processor
targets -set -nocase -filter {name =~ "microblaze*#0" && bscan=="USER2"  && jtag_cable_name =~ "Digilent Arty 210319A76889A"} -index 0
dow C:/Users/npcar/Desktop/Nueva_carpeta/vivado_p-rueba/project_2/project_2.sdk/test_microblaze/Debug/test_microblaze.elf
----------------End of Script----------------

19:18:16 INFO  : Memory regions updated for context MicroBlaze #0
19:18:16 INFO  : Memory regions updated for context MicroBlaze Debug Module at USER2
19:18:16 INFO  : Context for processor 'microblaze_0' is selected.
19:18:16 INFO  : 'con' command is executed.
19:18:16 INFO  : ----------------XSDB Script (After Launch)----------------
targets -set -nocase -filter {name =~ "microblaze*#0" && bscan=="USER2"  && jtag_cable_name =~ "Digilent Arty 210319A76889A"} -index 0
con
----------------End of Script----------------

19:18:16 INFO  : Launch script is exported to file 'C:\Users\npcar\Desktop\Nueva_carpeta\vivado_p-rueba\project_2\project_2.sdk\.sdk\launch_scripts\xilinx_c-c++_application_(system_debugger)\system_debugger_using_debug_test_microblaze.elf_on_local.tcl'
19:18:46 INFO  : Connected to target on host '127.0.0.1' and port '3121'.
19:18:46 INFO  : 'targets -set -filter {jtag_cable_name =~ "Digilent Arty 210319A76889A" && level==0} -index 0' command is executed.
19:18:47 INFO  : FPGA configured successfully with bitstream "C:/Users/npcar/Desktop/Nueva_carpeta/vivado_p-rueba/project_2/project_2.sdk/design_1_wrapper_hw_platform_0/download.bit"
19:18:55 INFO  : Disconnected from the channel tcfchan#1.
19:18:56 INFO  : 'targets -set -filter {jtag_cable_name =~ "Digilent Arty 210319A76889A" && level==0} -index 0' command is executed.
19:18:56 INFO  : 'fpga -state' command is executed.
19:18:56 INFO  : Connected to target on host '127.0.0.1' and port '3121'.
19:18:56 INFO  : Jtag cable 'Digilent Arty 210319A76889A' is selected.
19:18:56 INFO  : 'jtag frequency' command is executed.
19:18:56 INFO  : 'configparams mdm-detect-bscan-mask 2' command is executed.
19:18:56 INFO  : Context for processor 'microblaze_0' is selected.
19:18:56 INFO  : Processor reset is completed for 'microblaze_0'.
19:18:56 INFO  : Context for processor 'microblaze_0' is selected.
19:18:56 INFO  : The application 'C:/Users/npcar/Desktop/Nueva_carpeta/vivado_p-rueba/project_2/project_2.sdk/test_microblaze/Debug/test_microblaze.elf' is downloaded to processor 'microblaze_0'.
19:18:56 INFO  : ----------------XSDB Script----------------
connect -url tcp:127.0.0.1:3121
configparams mdm-detect-bscan-mask 2
targets -set -nocase -filter {name =~ "microblaze*#0" && bscan=="USER2"  && jtag_cable_name =~ "Digilent Arty 210319A76889A"} -index 0
rst -processor
targets -set -nocase -filter {name =~ "microblaze*#0" && bscan=="USER2"  && jtag_cable_name =~ "Digilent Arty 210319A76889A"} -index 0
dow C:/Users/npcar/Desktop/Nueva_carpeta/vivado_p-rueba/project_2/project_2.sdk/test_microblaze/Debug/test_microblaze.elf
----------------End of Script----------------

19:18:56 INFO  : Memory regions updated for context MicroBlaze #0
19:18:56 INFO  : Memory regions updated for context MicroBlaze Debug Module at USER2
19:18:56 INFO  : Context for processor 'microblaze_0' is selected.
19:18:56 INFO  : 'con' command is executed.
19:18:56 INFO  : ----------------XSDB Script (After Launch)----------------
targets -set -nocase -filter {name =~ "microblaze*#0" && bscan=="USER2"  && jtag_cable_name =~ "Digilent Arty 210319A76889A"} -index 0
con
----------------End of Script----------------

19:18:56 INFO  : Launch script is exported to file 'C:\Users\npcar\Desktop\Nueva_carpeta\vivado_p-rueba\project_2\project_2.sdk\.sdk\launch_scripts\xilinx_c-c++_application_(system_debugger)\system_debugger_using_debug_test_microblaze.elf_on_local.tcl'
19:19:45 INFO  : Disconnected from the channel tcfchan#2.
19:19:46 INFO  : 'targets -set -filter {jtag_cable_name =~ "Digilent Arty 210319A76889A" && level==0} -index 0' command is executed.
19:19:46 INFO  : 'fpga -state' command is executed.
19:19:46 INFO  : Connected to target on host '127.0.0.1' and port '3121'.
19:19:46 INFO  : Jtag cable 'Digilent Arty 210319A76889A' is selected.
19:19:46 INFO  : 'jtag frequency' command is executed.
19:19:46 INFO  : 'configparams mdm-detect-bscan-mask 2' command is executed.
19:19:47 INFO  : Context for processor 'microblaze_0' is selected.
19:19:47 INFO  : Processor reset is completed for 'microblaze_0'.
19:19:47 INFO  : Context for processor 'microblaze_0' is selected.
19:19:47 INFO  : The application 'C:/Users/npcar/Desktop/Nueva_carpeta/vivado_p-rueba/project_2/project_2.sdk/test_microblaze/Debug/test_microblaze.elf' is downloaded to processor 'microblaze_0'.
19:19:47 INFO  : ----------------XSDB Script----------------
connect -url tcp:127.0.0.1:3121
configparams mdm-detect-bscan-mask 2
targets -set -nocase -filter {name =~ "microblaze*#0" && bscan=="USER2"  && jtag_cable_name =~ "Digilent Arty 210319A76889A"} -index 0
rst -processor
targets -set -nocase -filter {name =~ "microblaze*#0" && bscan=="USER2"  && jtag_cable_name =~ "Digilent Arty 210319A76889A"} -index 0
dow C:/Users/npcar/Desktop/Nueva_carpeta/vivado_p-rueba/project_2/project_2.sdk/test_microblaze/Debug/test_microblaze.elf
----------------End of Script----------------

19:19:47 INFO  : Memory regions updated for context MicroBlaze #0
19:19:47 INFO  : Memory regions updated for context MicroBlaze Debug Module at USER2
19:19:47 INFO  : Context for processor 'microblaze_0' is selected.
19:19:47 INFO  : 'con' command is executed.
19:19:47 INFO  : ----------------XSDB Script (After Launch)----------------
targets -set -nocase -filter {name =~ "microblaze*#0" && bscan=="USER2"  && jtag_cable_name =~ "Digilent Arty 210319A76889A"} -index 0
con
----------------End of Script----------------

19:19:47 INFO  : Launch script is exported to file 'C:\Users\npcar\Desktop\Nueva_carpeta\vivado_p-rueba\project_2\project_2.sdk\.sdk\launch_scripts\xilinx_c-c++_application_(system_debugger)\system_debugger_using_debug_test_microblaze.elf_on_local.tcl'
19:21:23 INFO  : Connected to target on host '127.0.0.1' and port '3121'.
19:21:23 INFO  : 'targets -set -filter {jtag_cable_name =~ "Digilent Arty 210319A76889A" && level==0} -index 0' command is executed.
19:21:25 INFO  : FPGA configured successfully with bitstream "C:/Users/npcar/Desktop/Nueva_carpeta/vivado_p-rueba/project_2/project_2.sdk/design_1_wrapper_hw_platform_0/download.bit"
19:21:39 INFO  : Disconnected from the channel tcfchan#3.
19:21:40 INFO  : 'targets -set -filter {jtag_cable_name =~ "Digilent Arty 210319A76889A" && level==0} -index 0' command is executed.
19:21:40 INFO  : 'fpga -state' command is executed.
19:21:40 INFO  : Connected to target on host '127.0.0.1' and port '3121'.
19:21:40 INFO  : Jtag cable 'Digilent Arty 210319A76889A' is selected.
19:21:40 INFO  : 'jtag frequency' command is executed.
19:21:40 INFO  : 'configparams mdm-detect-bscan-mask 2' command is executed.
19:21:40 INFO  : Context for processor 'microblaze_0' is selected.
19:21:40 INFO  : Processor reset is completed for 'microblaze_0'.
19:21:40 INFO  : Context for processor 'microblaze_0' is selected.
19:21:40 INFO  : The application 'C:/Users/npcar/Desktop/Nueva_carpeta/vivado_p-rueba/project_2/project_2.sdk/test_microblaze/Debug/test_microblaze.elf' is downloaded to processor 'microblaze_0'.
19:21:40 INFO  : ----------------XSDB Script----------------
connect -url tcp:127.0.0.1:3121
configparams mdm-detect-bscan-mask 2
targets -set -nocase -filter {name =~ "microblaze*#0" && bscan=="USER2"  && jtag_cable_name =~ "Digilent Arty 210319A76889A"} -index 0
rst -processor
targets -set -nocase -filter {name =~ "microblaze*#0" && bscan=="USER2"  && jtag_cable_name =~ "Digilent Arty 210319A76889A"} -index 0
dow C:/Users/npcar/Desktop/Nueva_carpeta/vivado_p-rueba/project_2/project_2.sdk/test_microblaze/Debug/test_microblaze.elf
----------------End of Script----------------

19:21:41 INFO  : Memory regions updated for context MicroBlaze #0
19:21:41 INFO  : Memory regions updated for context MicroBlaze Debug Module at USER2
19:21:41 INFO  : Context for processor 'microblaze_0' is selected.
19:21:41 INFO  : 'con' command is executed.
19:21:41 INFO  : ----------------XSDB Script (After Launch)----------------
targets -set -nocase -filter {name =~ "microblaze*#0" && bscan=="USER2"  && jtag_cable_name =~ "Digilent Arty 210319A76889A"} -index 0
con
----------------End of Script----------------

19:21:41 INFO  : Launch script is exported to file 'C:\Users\npcar\Desktop\Nueva_carpeta\vivado_p-rueba\project_2\project_2.sdk\.sdk\launch_scripts\xilinx_c-c++_application_(system_debugger)\system_debugger_using_debug_test_microblaze.elf_on_local.tcl'
19:21:48 INFO  : Disconnected from the channel tcfchan#4.
19:21:49 INFO  : 'targets -set -filter {jtag_cable_name =~ "Digilent Arty 210319A76889A" && level==0} -index 0' command is executed.
19:21:49 INFO  : 'fpga -state' command is executed.
19:21:49 INFO  : Connected to target on host '127.0.0.1' and port '3121'.
19:21:49 INFO  : Jtag cable 'Digilent Arty 210319A76889A' is selected.
19:21:49 INFO  : 'jtag frequency' command is executed.
19:21:49 INFO  : 'configparams mdm-detect-bscan-mask 2' command is executed.
19:21:49 INFO  : Context for processor 'microblaze_0' is selected.
19:21:50 INFO  : Processor reset is completed for 'microblaze_0'.
19:21:50 INFO  : Context for processor 'microblaze_0' is selected.
19:21:50 INFO  : The application 'C:/Users/npcar/Desktop/Nueva_carpeta/vivado_p-rueba/project_2/project_2.sdk/test_microblaze/Debug/test_microblaze.elf' is downloaded to processor 'microblaze_0'.
19:21:50 INFO  : ----------------XSDB Script----------------
connect -url tcp:127.0.0.1:3121
configparams mdm-detect-bscan-mask 2
targets -set -nocase -filter {name =~ "microblaze*#0" && bscan=="USER2"  && jtag_cable_name =~ "Digilent Arty 210319A76889A"} -index 0
rst -processor
targets -set -nocase -filter {name =~ "microblaze*#0" && bscan=="USER2"  && jtag_cable_name =~ "Digilent Arty 210319A76889A"} -index 0
dow C:/Users/npcar/Desktop/Nueva_carpeta/vivado_p-rueba/project_2/project_2.sdk/test_microblaze/Debug/test_microblaze.elf
----------------End of Script----------------

19:21:50 INFO  : Memory regions updated for context MicroBlaze #0
19:21:50 INFO  : Memory regions updated for context MicroBlaze Debug Module at USER2
19:21:50 INFO  : Context for processor 'microblaze_0' is selected.
19:21:50 INFO  : 'con' command is executed.
19:21:50 INFO  : ----------------XSDB Script (After Launch)----------------
targets -set -nocase -filter {name =~ "microblaze*#0" && bscan=="USER2"  && jtag_cable_name =~ "Digilent Arty 210319A76889A"} -index 0
con
----------------End of Script----------------

19:21:50 INFO  : Launch script is exported to file 'C:\Users\npcar\Desktop\Nueva_carpeta\vivado_p-rueba\project_2\project_2.sdk\.sdk\launch_scripts\xilinx_c-c++_application_(system_debugger)\system_debugger_using_debug_test_microblaze.elf_on_local.tcl'
19:22:31 INFO  : Disconnected from the channel tcfchan#5.
19:22:32 INFO  : Connected to target on host '127.0.0.1' and port '3121'.
19:22:32 INFO  : Jtag cable 'Digilent Arty 210319A76889A' is selected.
19:22:32 INFO  : 'jtag frequency' command is executed.
19:22:32 INFO  : 'targets -set -filter {jtag_cable_name =~ "Digilent Arty 210319A76889A" && level==0} -index 0' command is executed.
19:22:33 INFO  : FPGA configured successfully with bitstream "C:/Users/npcar/Desktop/Nueva_carpeta/vivado_p-rueba/project_2/project_2.sdk/design_1_wrapper_hw_platform_0/design_1_wrapper.bit"
19:22:34 INFO  : 'configparams mdm-detect-bscan-mask 2' command is executed.
19:22:34 INFO  : Context for processor 'microblaze_0' is selected.
19:22:34 INFO  : Processor reset is completed for 'microblaze_0'.
19:22:34 INFO  : Context for processor 'microblaze_0' is selected.
19:22:34 INFO  : The application 'C:/Users/npcar/Desktop/Nueva_carpeta/vivado_p-rueba/project_2/project_2.sdk/test_microblaze/Debug/test_microblaze.elf' is downloaded to processor 'microblaze_0'.
19:22:34 INFO  : ----------------XSDB Script----------------
connect -url tcp:127.0.0.1:3121
targets -set -filter {jtag_cable_name =~ "Digilent Arty 210319A76889A" && level==0} -index 0
fpga -file C:/Users/npcar/Desktop/Nueva_carpeta/vivado_p-rueba/project_2/project_2.sdk/design_1_wrapper_hw_platform_0/design_1_wrapper.bit
configparams mdm-detect-bscan-mask 2
targets -set -nocase -filter {name =~ "microblaze*#0" && bscan=="USER2"  && jtag_cable_name =~ "Digilent Arty 210319A76889A"} -index 0
rst -processor
targets -set -nocase -filter {name =~ "microblaze*#0" && bscan=="USER2"  && jtag_cable_name =~ "Digilent Arty 210319A76889A"} -index 0
dow C:/Users/npcar/Desktop/Nueva_carpeta/vivado_p-rueba/project_2/project_2.sdk/test_microblaze/Debug/test_microblaze.elf
----------------End of Script----------------

19:22:34 INFO  : Memory regions updated for context MicroBlaze #0
19:22:34 INFO  : Memory regions updated for context MicroBlaze Debug Module at USER2
19:22:34 INFO  : Context for processor 'microblaze_0' is selected.
19:22:34 INFO  : 'con' command is executed.
19:22:34 INFO  : ----------------XSDB Script (After Launch)----------------
targets -set -nocase -filter {name =~ "microblaze*#0" && bscan=="USER2"  && jtag_cable_name =~ "Digilent Arty 210319A76889A"} -index 0
con
----------------End of Script----------------

19:22:34 INFO  : Launch script is exported to file 'C:\Users\npcar\Desktop\Nueva_carpeta\vivado_p-rueba\project_2\project_2.sdk\.sdk\launch_scripts\xilinx_c-c++_application_(system_debugger)\system_debugger_using_debug_test_microblaze.elf_on_local.tcl'
19:22:38 INFO  : Disconnected from the channel tcfchan#6.
19:22:39 INFO  : Connected to target on host '127.0.0.1' and port '3121'.
19:22:39 INFO  : Jtag cable 'Digilent Arty 210319A76889A' is selected.
19:22:39 INFO  : 'jtag frequency' command is executed.
19:22:39 INFO  : 'targets -set -filter {jtag_cable_name =~ "Digilent Arty 210319A76889A" && level==0} -index 0' command is executed.
19:22:41 INFO  : FPGA configured successfully with bitstream "C:/Users/npcar/Desktop/Nueva_carpeta/vivado_p-rueba/project_2/project_2.sdk/design_1_wrapper_hw_platform_0/design_1_wrapper.bit"
19:22:41 INFO  : 'configparams mdm-detect-bscan-mask 2' command is executed.
19:22:41 INFO  : Context for processor 'microblaze_0' is selected.
19:22:41 INFO  : Processor reset is completed for 'microblaze_0'.
19:22:41 INFO  : Context for processor 'microblaze_0' is selected.
19:22:41 INFO  : The application 'C:/Users/npcar/Desktop/Nueva_carpeta/vivado_p-rueba/project_2/project_2.sdk/test_microblaze/Debug/test_microblaze.elf' is downloaded to processor 'microblaze_0'.
19:22:41 INFO  : ----------------XSDB Script----------------
connect -url tcp:127.0.0.1:3121
targets -set -filter {jtag_cable_name =~ "Digilent Arty 210319A76889A" && level==0} -index 0
fpga -file C:/Users/npcar/Desktop/Nueva_carpeta/vivado_p-rueba/project_2/project_2.sdk/design_1_wrapper_hw_platform_0/design_1_wrapper.bit
configparams mdm-detect-bscan-mask 2
targets -set -nocase -filter {name =~ "microblaze*#0" && bscan=="USER2"  && jtag_cable_name =~ "Digilent Arty 210319A76889A"} -index 0
rst -processor
targets -set -nocase -filter {name =~ "microblaze*#0" && bscan=="USER2"  && jtag_cable_name =~ "Digilent Arty 210319A76889A"} -index 0
dow C:/Users/npcar/Desktop/Nueva_carpeta/vivado_p-rueba/project_2/project_2.sdk/test_microblaze/Debug/test_microblaze.elf
----------------End of Script----------------

19:22:41 INFO  : Memory regions updated for context MicroBlaze #0
19:22:41 INFO  : Memory regions updated for context MicroBlaze Debug Module at USER2
19:22:41 INFO  : Context for processor 'microblaze_0' is selected.
19:22:41 INFO  : 'con' command is executed.
19:22:41 INFO  : ----------------XSDB Script (After Launch)----------------
targets -set -nocase -filter {name =~ "microblaze*#0" && bscan=="USER2"  && jtag_cable_name =~ "Digilent Arty 210319A76889A"} -index 0
con
----------------End of Script----------------

19:22:41 INFO  : Launch script is exported to file 'C:\Users\npcar\Desktop\Nueva_carpeta\vivado_p-rueba\project_2\project_2.sdk\.sdk\launch_scripts\xilinx_c-c++_application_(system_debugger)\system_debugger_using_debug_test_microblaze.elf_on_local.tcl'
19:22:54 INFO  : Connected to target on host '127.0.0.1' and port '3121'.
19:23:11 INFO  : Disconnected from the channel tcfchan#7.
19:23:12 INFO  : Connected to target on host '127.0.0.1' and port '3121'.
19:23:12 INFO  : Jtag cable 'Digilent Arty 210319A76889A' is selected.
19:23:12 INFO  : 'jtag frequency' command is executed.
19:23:12 INFO  : 'targets -set -filter {jtag_cable_name =~ "Digilent Arty 210319A76889A" && level==0} -index 0' command is executed.
19:23:14 INFO  : FPGA configured successfully with bitstream "C:/Users/npcar/Desktop/Nueva_carpeta/vivado_p-rueba/project_2/project_2.sdk/design_1_wrapper_hw_platform_0/design_1_wrapper.bit"
19:23:14 INFO  : 'configparams mdm-detect-bscan-mask 2' command is executed.
19:23:14 INFO  : Context for processor 'microblaze_0' is selected.
19:23:14 INFO  : Processor reset is completed for 'microblaze_0'.
19:23:14 INFO  : Context for processor 'microblaze_0' is selected.
19:23:14 INFO  : The application 'C:/Users/npcar/Desktop/Nueva_carpeta/vivado_p-rueba/project_2/project_2.sdk/test_microblaze/Debug/test_microblaze.elf' is downloaded to processor 'microblaze_0'.
19:23:14 INFO  : ----------------XSDB Script----------------
connect -url tcp:127.0.0.1:3121
targets -set -filter {jtag_cable_name =~ "Digilent Arty 210319A76889A" && level==0} -index 0
fpga -file C:/Users/npcar/Desktop/Nueva_carpeta/vivado_p-rueba/project_2/project_2.sdk/design_1_wrapper_hw_platform_0/design_1_wrapper.bit
configparams mdm-detect-bscan-mask 2
targets -set -nocase -filter {name =~ "microblaze*#0" && bscan=="USER2"  && jtag_cable_name =~ "Digilent Arty 210319A76889A"} -index 0
rst -processor
targets -set -nocase -filter {name =~ "microblaze*#0" && bscan=="USER2"  && jtag_cable_name =~ "Digilent Arty 210319A76889A"} -index 0
dow C:/Users/npcar/Desktop/Nueva_carpeta/vivado_p-rueba/project_2/project_2.sdk/test_microblaze/Debug/test_microblaze.elf
----------------End of Script----------------

19:23:14 INFO  : Memory regions updated for context MicroBlaze #0
19:23:14 INFO  : Memory regions updated for context MicroBlaze Debug Module at USER2
19:23:14 INFO  : Context for processor 'microblaze_0' is selected.
19:23:14 INFO  : 'con' command is executed.
19:23:14 INFO  : ----------------XSDB Script (After Launch)----------------
targets -set -nocase -filter {name =~ "microblaze*#0" && bscan=="USER2"  && jtag_cable_name =~ "Digilent Arty 210319A76889A"} -index 0
con
----------------End of Script----------------

19:23:14 INFO  : Launch script is exported to file 'C:\Users\npcar\Desktop\Nueva_carpeta\vivado_p-rueba\project_2\project_2.sdk\.sdk\launch_scripts\xilinx_c-c++_application_(system_debugger)\system_debugger_using_debug_test_microblaze.elf_on_local.tcl'
19:24:20 INFO  : Disconnected from the channel tcfchan#8.
19:24:21 INFO  : Connected to target on host '127.0.0.1' and port '3121'.
19:24:21 INFO  : Jtag cable 'Digilent Arty 210319A76889A' is selected.
19:24:21 INFO  : 'jtag frequency' command is executed.
19:24:21 INFO  : 'targets -set -filter {jtag_cable_name =~ "Digilent Arty 210319A76889A" && level==0} -index 0' command is executed.
19:24:23 INFO  : FPGA configured successfully with bitstream "C:/Users/npcar/Desktop/Nueva_carpeta/vivado_p-rueba/project_2/project_2.sdk/design_1_wrapper_hw_platform_0/design_1_wrapper.bit"
19:24:23 INFO  : 'configparams mdm-detect-bscan-mask 2' command is executed.
19:24:23 INFO  : Context for processor 'microblaze_0' is selected.
19:24:23 INFO  : Processor reset is completed for 'microblaze_0'.
19:24:23 INFO  : Context for processor 'microblaze_0' is selected.
19:24:23 INFO  : The application 'C:/Users/npcar/Desktop/Nueva_carpeta/vivado_p-rueba/project_2/project_2.sdk/test_microblaze/Debug/test_microblaze.elf' is downloaded to processor 'microblaze_0'.
19:24:23 INFO  : ----------------XSDB Script----------------
connect -url tcp:127.0.0.1:3121
targets -set -filter {jtag_cable_name =~ "Digilent Arty 210319A76889A" && level==0} -index 0
fpga -file C:/Users/npcar/Desktop/Nueva_carpeta/vivado_p-rueba/project_2/project_2.sdk/design_1_wrapper_hw_platform_0/design_1_wrapper.bit
configparams mdm-detect-bscan-mask 2
targets -set -nocase -filter {name =~ "microblaze*#0" && bscan=="USER2"  && jtag_cable_name =~ "Digilent Arty 210319A76889A"} -index 0
rst -processor
targets -set -nocase -filter {name =~ "microblaze*#0" && bscan=="USER2"  && jtag_cable_name =~ "Digilent Arty 210319A76889A"} -index 0
dow C:/Users/npcar/Desktop/Nueva_carpeta/vivado_p-rueba/project_2/project_2.sdk/test_microblaze/Debug/test_microblaze.elf
----------------End of Script----------------

19:24:23 INFO  : Memory regions updated for context MicroBlaze #0
19:24:23 INFO  : Memory regions updated for context MicroBlaze Debug Module at USER2
19:24:23 INFO  : Context for processor 'microblaze_0' is selected.
19:24:23 INFO  : 'con' command is executed.
19:24:23 INFO  : ----------------XSDB Script (After Launch)----------------
targets -set -nocase -filter {name =~ "microblaze*#0" && bscan=="USER2"  && jtag_cable_name =~ "Digilent Arty 210319A76889A"} -index 0
con
----------------End of Script----------------

19:24:23 INFO  : Launch script is exported to file 'C:\Users\npcar\Desktop\Nueva_carpeta\vivado_p-rueba\project_2\project_2.sdk\.sdk\launch_scripts\xilinx_c-c++_application_(system_debugger)\system_debugger_using_debug_test_microblaze.elf_on_local.tcl'
19:24:50 INFO  : Disconnected from the channel tcfchan#9.
19:24:51 INFO  : Connected to target on host '127.0.0.1' and port '3121'.
19:24:51 INFO  : Jtag cable 'Digilent Arty 210319A76889A' is selected.
19:24:51 INFO  : 'jtag frequency' command is executed.
19:24:52 INFO  : 'targets -set -filter {jtag_cable_name =~ "Digilent Arty 210319A76889A" && level==0} -index 0' command is executed.
19:24:54 INFO  : FPGA configured successfully with bitstream "C:/Users/npcar/Desktop/Nueva_carpeta/vivado_p-rueba/project_2/project_2.sdk/design_1_wrapper_hw_platform_0/design_1_wrapper.bit"
19:24:54 INFO  : 'configparams mdm-detect-bscan-mask 2' command is executed.
19:24:54 INFO  : Context for processor 'microblaze_0' is selected.
19:24:54 INFO  : Processor reset is completed for 'microblaze_0'.
19:24:54 INFO  : Context for processor 'microblaze_0' is selected.
19:24:54 INFO  : The application 'C:/Users/npcar/Desktop/Nueva_carpeta/vivado_p-rueba/project_2/project_2.sdk/test_microblaze/Debug/test_microblaze.elf' is downloaded to processor 'microblaze_0'.
19:24:54 INFO  : ----------------XSDB Script----------------
connect -url tcp:127.0.0.1:3121
targets -set -filter {jtag_cable_name =~ "Digilent Arty 210319A76889A" && level==0} -index 0
fpga -file C:/Users/npcar/Desktop/Nueva_carpeta/vivado_p-rueba/project_2/project_2.sdk/design_1_wrapper_hw_platform_0/design_1_wrapper.bit
configparams mdm-detect-bscan-mask 2
targets -set -nocase -filter {name =~ "microblaze*#0" && bscan=="USER2"  && jtag_cable_name =~ "Digilent Arty 210319A76889A"} -index 0
rst -processor
targets -set -nocase -filter {name =~ "microblaze*#0" && bscan=="USER2"  && jtag_cable_name =~ "Digilent Arty 210319A76889A"} -index 0
dow C:/Users/npcar/Desktop/Nueva_carpeta/vivado_p-rueba/project_2/project_2.sdk/test_microblaze/Debug/test_microblaze.elf
----------------End of Script----------------

19:24:54 INFO  : Memory regions updated for context MicroBlaze #0
19:24:54 INFO  : Memory regions updated for context MicroBlaze Debug Module at USER2
19:24:54 INFO  : Context for processor 'microblaze_0' is selected.
19:24:54 INFO  : 'con' command is executed.
19:24:54 INFO  : ----------------XSDB Script (After Launch)----------------
targets -set -nocase -filter {name =~ "microblaze*#0" && bscan=="USER2"  && jtag_cable_name =~ "Digilent Arty 210319A76889A"} -index 0
con
----------------End of Script----------------

19:24:54 INFO  : Launch script is exported to file 'C:\Users\npcar\Desktop\Nueva_carpeta\vivado_p-rueba\project_2\project_2.sdk\.sdk\launch_scripts\xilinx_c-c++_application_(system_debugger)\system_debugger_using_debug_test_microblaze.elf_on_local.tcl'
19:25:52 INFO  : Disconnected from the channel tcfchan#10.
19:25:53 INFO  : Connected to target on host '127.0.0.1' and port '3121'.
19:25:53 INFO  : Jtag cable 'Digilent Arty 210319A76889A' is selected.
19:25:53 INFO  : 'jtag frequency' command is executed.
19:25:53 INFO  : 'targets -set -filter {jtag_cable_name =~ "Digilent Arty 210319A76889A" && level==0} -index 0' command is executed.
19:25:55 INFO  : FPGA configured successfully with bitstream "C:/Users/npcar/Desktop/Nueva_carpeta/vivado_p-rueba/project_2/project_2.sdk/design_1_wrapper_hw_platform_0/design_1_wrapper.bit"
19:25:55 INFO  : 'configparams mdm-detect-bscan-mask 2' command is executed.
19:25:55 INFO  : Context for processor 'microblaze_0' is selected.
19:25:55 INFO  : Processor reset is completed for 'microblaze_0'.
19:25:55 INFO  : Context for processor 'microblaze_0' is selected.
19:25:55 INFO  : The application 'C:/Users/npcar/Desktop/Nueva_carpeta/vivado_p-rueba/project_2/project_2.sdk/test_microblaze/Debug/test_microblaze.elf' is downloaded to processor 'microblaze_0'.
19:25:55 INFO  : ----------------XSDB Script----------------
connect -url tcp:127.0.0.1:3121
targets -set -filter {jtag_cable_name =~ "Digilent Arty 210319A76889A" && level==0} -index 0
fpga -file C:/Users/npcar/Desktop/Nueva_carpeta/vivado_p-rueba/project_2/project_2.sdk/design_1_wrapper_hw_platform_0/design_1_wrapper.bit
configparams mdm-detect-bscan-mask 2
targets -set -nocase -filter {name =~ "microblaze*#0" && bscan=="USER2"  && jtag_cable_name =~ "Digilent Arty 210319A76889A"} -index 0
rst -processor
targets -set -nocase -filter {name =~ "microblaze*#0" && bscan=="USER2"  && jtag_cable_name =~ "Digilent Arty 210319A76889A"} -index 0
dow C:/Users/npcar/Desktop/Nueva_carpeta/vivado_p-rueba/project_2/project_2.sdk/test_microblaze/Debug/test_microblaze.elf
----------------End of Script----------------

19:25:55 INFO  : Memory regions updated for context MicroBlaze #0
19:25:55 INFO  : Memory regions updated for context MicroBlaze Debug Module at USER2
19:25:55 INFO  : Context for processor 'microblaze_0' is selected.
19:25:55 INFO  : 'con' command is executed.
19:25:55 INFO  : ----------------XSDB Script (After Launch)----------------
targets -set -nocase -filter {name =~ "microblaze*#0" && bscan=="USER2"  && jtag_cable_name =~ "Digilent Arty 210319A76889A"} -index 0
con
----------------End of Script----------------

19:25:55 INFO  : Launch script is exported to file 'C:\Users\npcar\Desktop\Nueva_carpeta\vivado_p-rueba\project_2\project_2.sdk\.sdk\launch_scripts\xilinx_c-c++_application_(system_debugger)\system_debugger_using_debug_test_microblaze.elf_on_local.tcl'
19:29:22 INFO  : Disconnected from the channel tcfchan#11.
19:29:23 INFO  : Connected to target on host '127.0.0.1' and port '3121'.
19:29:23 INFO  : Jtag cable 'Digilent Arty 210319A76889A' is selected.
19:29:23 INFO  : 'jtag frequency' command is executed.
19:29:23 INFO  : 'targets -set -filter {jtag_cable_name =~ "Digilent Arty 210319A76889A" && level==0} -index 0' command is executed.
19:29:24 INFO  : FPGA configured successfully with bitstream "C:/Users/npcar/Desktop/Nueva_carpeta/vivado_p-rueba/project_2/project_2.sdk/design_1_wrapper_hw_platform_0/design_1_wrapper.bit"
19:29:24 INFO  : 'configparams mdm-detect-bscan-mask 2' command is executed.
19:29:24 INFO  : Context for processor 'microblaze_0' is selected.
19:29:24 INFO  : Processor reset is completed for 'microblaze_0'.
19:29:24 INFO  : Context for processor 'microblaze_0' is selected.
19:29:24 INFO  : The application 'C:/Users/npcar/Desktop/Nueva_carpeta/vivado_p-rueba/project_2/project_2.sdk/test_microblaze/Debug/test_microblaze.elf' is downloaded to processor 'microblaze_0'.
19:29:24 INFO  : ----------------XSDB Script----------------
connect -url tcp:127.0.0.1:3121
targets -set -filter {jtag_cable_name =~ "Digilent Arty 210319A76889A" && level==0} -index 0
fpga -file C:/Users/npcar/Desktop/Nueva_carpeta/vivado_p-rueba/project_2/project_2.sdk/design_1_wrapper_hw_platform_0/design_1_wrapper.bit
configparams mdm-detect-bscan-mask 2
targets -set -nocase -filter {name =~ "microblaze*#0" && bscan=="USER2"  && jtag_cable_name =~ "Digilent Arty 210319A76889A"} -index 0
rst -processor
targets -set -nocase -filter {name =~ "microblaze*#0" && bscan=="USER2"  && jtag_cable_name =~ "Digilent Arty 210319A76889A"} -index 0
dow C:/Users/npcar/Desktop/Nueva_carpeta/vivado_p-rueba/project_2/project_2.sdk/test_microblaze/Debug/test_microblaze.elf
----------------End of Script----------------

19:29:24 INFO  : Memory regions updated for context MicroBlaze #0
19:29:24 INFO  : Memory regions updated for context MicroBlaze Debug Module at USER2
19:29:25 INFO  : Context for processor 'microblaze_0' is selected.
19:29:25 INFO  : 'con' command is executed.
19:29:25 INFO  : ----------------XSDB Script (After Launch)----------------
targets -set -nocase -filter {name =~ "microblaze*#0" && bscan=="USER2"  && jtag_cable_name =~ "Digilent Arty 210319A76889A"} -index 0
con
----------------End of Script----------------

19:29:25 INFO  : Launch script is exported to file 'C:\Users\npcar\Desktop\Nueva_carpeta\vivado_p-rueba\project_2\project_2.sdk\.sdk\launch_scripts\xilinx_c-c++_application_(system_debugger)\system_debugger_using_debug_test_microblaze.elf_on_local.tcl'
19:30:05 INFO  : Disconnected from the channel tcfchan#12.
19:30:06 INFO  : Connected to target on host '127.0.0.1' and port '3121'.
19:30:06 INFO  : Jtag cable 'Digilent Arty 210319A76889A' is selected.
19:30:06 INFO  : 'jtag frequency' command is executed.
19:30:06 INFO  : 'targets -set -filter {jtag_cable_name =~ "Digilent Arty 210319A76889A" && level==0} -index 0' command is executed.
19:30:07 INFO  : FPGA configured successfully with bitstream "C:/Users/npcar/Desktop/Nueva_carpeta/vivado_p-rueba/project_2/project_2.sdk/design_1_wrapper_hw_platform_0/design_1_wrapper.bit"
19:30:07 INFO  : 'configparams mdm-detect-bscan-mask 2' command is executed.
19:30:07 INFO  : Context for processor 'microblaze_0' is selected.
19:30:07 INFO  : Processor reset is completed for 'microblaze_0'.
19:30:07 INFO  : Context for processor 'microblaze_0' is selected.
19:30:07 INFO  : The application 'C:/Users/npcar/Desktop/Nueva_carpeta/vivado_p-rueba/project_2/project_2.sdk/test_microblaze/Debug/test_microblaze.elf' is downloaded to processor 'microblaze_0'.
19:30:07 INFO  : ----------------XSDB Script----------------
connect -url tcp:127.0.0.1:3121
targets -set -filter {jtag_cable_name =~ "Digilent Arty 210319A76889A" && level==0} -index 0
fpga -file C:/Users/npcar/Desktop/Nueva_carpeta/vivado_p-rueba/project_2/project_2.sdk/design_1_wrapper_hw_platform_0/design_1_wrapper.bit
configparams mdm-detect-bscan-mask 2
targets -set -nocase -filter {name =~ "microblaze*#0" && bscan=="USER2"  && jtag_cable_name =~ "Digilent Arty 210319A76889A"} -index 0
rst -processor
targets -set -nocase -filter {name =~ "microblaze*#0" && bscan=="USER2"  && jtag_cable_name =~ "Digilent Arty 210319A76889A"} -index 0
dow C:/Users/npcar/Desktop/Nueva_carpeta/vivado_p-rueba/project_2/project_2.sdk/test_microblaze/Debug/test_microblaze.elf
----------------End of Script----------------

19:30:08 INFO  : Memory regions updated for context MicroBlaze #0
19:30:08 INFO  : Memory regions updated for context MicroBlaze Debug Module at USER2
19:30:08 INFO  : Context for processor 'microblaze_0' is selected.
19:30:08 INFO  : 'con' command is executed.
19:30:08 INFO  : ----------------XSDB Script (After Launch)----------------
targets -set -nocase -filter {name =~ "microblaze*#0" && bscan=="USER2"  && jtag_cable_name =~ "Digilent Arty 210319A76889A"} -index 0
con
----------------End of Script----------------

19:30:08 INFO  : Launch script is exported to file 'C:\Users\npcar\Desktop\Nueva_carpeta\vivado_p-rueba\project_2\project_2.sdk\.sdk\launch_scripts\xilinx_c-c++_application_(system_debugger)\system_debugger_using_debug_test_microblaze.elf_on_local.tcl'
19:35:58 INFO  : SDK has detected change in the last modified timestamps for source hardware specification file Source:1644100541592,  Project:1644098575595
19:35:58 INFO  : Project design_1_wrapper_hw_platform_0's source hardware specification located at C:/Users/npcar/Desktop/Nueva_carpeta/vivado_p-rueba/project_2/project_2.sdk/design_1_wrapper.hdf is now different from the local copy.
		 The local copy will be replaced with the source specification and your workspace will be updated.
19:36:32 INFO  : Copied contents of C:/Users/npcar/Desktop/Nueva_carpeta/vivado_p-rueba/project_2/project_2.sdk/design_1_wrapper.hdf into \design_1_wrapper_hw_platform_0\system.hdf.
19:36:32 INFO  : Synchronizing projects in the workspace with the hardware platform specification changes.
19:36:35 INFO  : 
19:36:35 INFO  : Updating hardware inferred compiler options for test_microblaze.
19:36:35 INFO  : Clearing existing target manager status.
19:36:35 INFO  : Workspace synchronized with the new hardware specification file. Cleaning dependent projects...
19:36:36 WARN  : Linker script will not be updated automatically. Users need to update it manually.
19:36:55 INFO  : Disconnected from the channel tcfchan#13.
19:36:56 INFO  : Connected to target on host '127.0.0.1' and port '3121'.
19:36:56 INFO  : Jtag cable 'Digilent Arty 210319A76889A' is selected.
19:36:56 INFO  : 'jtag frequency' command is executed.
19:36:56 INFO  : 'targets -set -filter {jtag_cable_name =~ "Digilent Arty 210319A76889A" && level==0} -index 0' command is executed.
19:36:57 INFO  : FPGA configured successfully with bitstream "C:/Users/npcar/Desktop/Nueva_carpeta/vivado_p-rueba/project_2/project_2.sdk/design_1_wrapper_hw_platform_0/design_1_wrapper.bit"
19:36:57 INFO  : 'configparams mdm-detect-bscan-mask 2' command is executed.
19:36:57 INFO  : Context for processor 'microblaze_0' is selected.
19:36:57 INFO  : Processor reset is completed for 'microblaze_0'.
19:36:57 INFO  : Context for processor 'microblaze_0' is selected.
19:36:57 INFO  : The application 'C:/Users/npcar/Desktop/Nueva_carpeta/vivado_p-rueba/project_2/project_2.sdk/test_microblaze/Debug/test_microblaze.elf' is downloaded to processor 'microblaze_0'.
19:36:57 INFO  : ----------------XSDB Script----------------
connect -url tcp:127.0.0.1:3121
targets -set -filter {jtag_cable_name =~ "Digilent Arty 210319A76889A" && level==0} -index 0
fpga -file C:/Users/npcar/Desktop/Nueva_carpeta/vivado_p-rueba/project_2/project_2.sdk/design_1_wrapper_hw_platform_0/design_1_wrapper.bit
configparams mdm-detect-bscan-mask 2
targets -set -nocase -filter {name =~ "microblaze*#0" && bscan=="USER2"  && jtag_cable_name =~ "Digilent Arty 210319A76889A"} -index 0
rst -processor
targets -set -nocase -filter {name =~ "microblaze*#0" && bscan=="USER2"  && jtag_cable_name =~ "Digilent Arty 210319A76889A"} -index 0
dow C:/Users/npcar/Desktop/Nueva_carpeta/vivado_p-rueba/project_2/project_2.sdk/test_microblaze/Debug/test_microblaze.elf
----------------End of Script----------------

19:36:57 INFO  : Memory regions updated for context MicroBlaze #0
19:36:57 INFO  : Memory regions updated for context MicroBlaze Debug Module at USER2
19:36:57 INFO  : Context for processor 'microblaze_0' is selected.
19:36:57 INFO  : 'con' command is executed.
19:36:57 INFO  : ----------------XSDB Script (After Launch)----------------
targets -set -nocase -filter {name =~ "microblaze*#0" && bscan=="USER2"  && jtag_cable_name =~ "Digilent Arty 210319A76889A"} -index 0
con
----------------End of Script----------------

19:36:57 INFO  : Launch script is exported to file 'C:\Users\npcar\Desktop\Nueva_carpeta\vivado_p-rueba\project_2\project_2.sdk\.sdk\launch_scripts\xilinx_c-c++_application_(system_debugger)\system_debugger_using_debug_test_microblaze.elf_on_local.tcl'
19:37:47 INFO  : Connected to target on host '127.0.0.1' and port '3121'.
19:37:47 INFO  : 'targets -set -filter {jtag_cable_name =~ "Digilent Arty 210319A76889A" && level==0} -index 0' command is executed.
19:37:48 INFO  : FPGA configured successfully with bitstream "C:/Users/npcar/Desktop/Nueva_carpeta/vivado_p-rueba/project_2/project_2.sdk/design_1_wrapper_hw_platform_0/download.bit"
19:38:01 INFO  : Disconnected from the channel tcfchan#14.
19:38:02 INFO  : Connected to target on host '127.0.0.1' and port '3121'.
19:38:03 INFO  : Jtag cable 'Digilent Arty 210319A76889A' is selected.
19:38:03 INFO  : 'jtag frequency' command is executed.
19:38:03 INFO  : 'targets -set -filter {jtag_cable_name =~ "Digilent Arty 210319A76889A" && level==0} -index 0' command is executed.
19:38:04 INFO  : FPGA configured successfully with bitstream "C:/Users/npcar/Desktop/Nueva_carpeta/vivado_p-rueba/project_2/project_2.sdk/design_1_wrapper_hw_platform_0/design_1_wrapper.bit"
19:38:04 INFO  : 'configparams mdm-detect-bscan-mask 2' command is executed.
19:38:04 INFO  : Context for processor 'microblaze_0' is selected.
19:38:04 INFO  : Processor reset is completed for 'microblaze_0'.
19:38:04 INFO  : Context for processor 'microblaze_0' is selected.
19:38:04 INFO  : The application 'C:/Users/npcar/Desktop/Nueva_carpeta/vivado_p-rueba/project_2/project_2.sdk/test_microblaze/Debug/test_microblaze.elf' is downloaded to processor 'microblaze_0'.
19:38:04 INFO  : ----------------XSDB Script----------------
connect -url tcp:127.0.0.1:3121
targets -set -filter {jtag_cable_name =~ "Digilent Arty 210319A76889A" && level==0} -index 0
fpga -file C:/Users/npcar/Desktop/Nueva_carpeta/vivado_p-rueba/project_2/project_2.sdk/design_1_wrapper_hw_platform_0/design_1_wrapper.bit
configparams mdm-detect-bscan-mask 2
targets -set -nocase -filter {name =~ "microblaze*#0" && bscan=="USER2"  && jtag_cable_name =~ "Digilent Arty 210319A76889A"} -index 0
rst -processor
targets -set -nocase -filter {name =~ "microblaze*#0" && bscan=="USER2"  && jtag_cable_name =~ "Digilent Arty 210319A76889A"} -index 0
dow C:/Users/npcar/Desktop/Nueva_carpeta/vivado_p-rueba/project_2/project_2.sdk/test_microblaze/Debug/test_microblaze.elf
----------------End of Script----------------

19:38:04 INFO  : Memory regions updated for context MicroBlaze #0
19:38:04 INFO  : Memory regions updated for context MicroBlaze Debug Module at USER2
19:38:04 INFO  : Context for processor 'microblaze_0' is selected.
19:38:04 INFO  : 'con' command is executed.
19:38:04 INFO  : ----------------XSDB Script (After Launch)----------------
targets -set -nocase -filter {name =~ "microblaze*#0" && bscan=="USER2"  && jtag_cable_name =~ "Digilent Arty 210319A76889A"} -index 0
con
----------------End of Script----------------

19:38:04 INFO  : Launch script is exported to file 'C:\Users\npcar\Desktop\Nueva_carpeta\vivado_p-rueba\project_2\project_2.sdk\.sdk\launch_scripts\xilinx_c-c++_application_(system_debugger)\system_debugger_using_debug_test_microblaze.elf_on_local.tcl'
19:38:18 INFO  : Disconnected from the channel tcfchan#15.
19:38:19 INFO  : Connected to target on host '127.0.0.1' and port '3121'.
19:38:19 INFO  : Jtag cable 'Digilent Arty 210319A76889A' is selected.
19:38:19 INFO  : 'jtag frequency' command is executed.
19:38:19 INFO  : 'targets -set -filter {jtag_cable_name =~ "Digilent Arty 210319A76889A" && level==0} -index 0' command is executed.
19:38:20 INFO  : FPGA configured successfully with bitstream "C:/Users/npcar/Desktop/Nueva_carpeta/vivado_p-rueba/project_2/project_2.sdk/design_1_wrapper_hw_platform_0/design_1_wrapper.bit"
19:38:20 INFO  : 'configparams mdm-detect-bscan-mask 2' command is executed.
19:38:20 INFO  : Context for processor 'microblaze_0' is selected.
19:38:20 INFO  : Processor reset is completed for 'microblaze_0'.
19:38:20 INFO  : Context for processor 'microblaze_0' is selected.
19:38:20 INFO  : The application 'C:/Users/npcar/Desktop/Nueva_carpeta/vivado_p-rueba/project_2/project_2.sdk/test_microblaze/Debug/test_microblaze.elf' is downloaded to processor 'microblaze_0'.
19:38:20 INFO  : ----------------XSDB Script----------------
connect -url tcp:127.0.0.1:3121
targets -set -filter {jtag_cable_name =~ "Digilent Arty 210319A76889A" && level==0} -index 0
fpga -file C:/Users/npcar/Desktop/Nueva_carpeta/vivado_p-rueba/project_2/project_2.sdk/design_1_wrapper_hw_platform_0/design_1_wrapper.bit
configparams mdm-detect-bscan-mask 2
targets -set -nocase -filter {name =~ "microblaze*#0" && bscan=="USER2"  && jtag_cable_name =~ "Digilent Arty 210319A76889A"} -index 0
rst -processor
targets -set -nocase -filter {name =~ "microblaze*#0" && bscan=="USER2"  && jtag_cable_name =~ "Digilent Arty 210319A76889A"} -index 0
dow C:/Users/npcar/Desktop/Nueva_carpeta/vivado_p-rueba/project_2/project_2.sdk/test_microblaze/Debug/test_microblaze.elf
----------------End of Script----------------

19:38:20 INFO  : Memory regions updated for context MicroBlaze #0
19:38:20 INFO  : Memory regions updated for context MicroBlaze Debug Module at USER2
19:38:20 INFO  : Context for processor 'microblaze_0' is selected.
19:38:20 INFO  : 'con' command is executed.
19:38:20 INFO  : ----------------XSDB Script (After Launch)----------------
targets -set -nocase -filter {name =~ "microblaze*#0" && bscan=="USER2"  && jtag_cable_name =~ "Digilent Arty 210319A76889A"} -index 0
con
----------------End of Script----------------

19:38:20 INFO  : Launch script is exported to file 'C:\Users\npcar\Desktop\Nueva_carpeta\vivado_p-rueba\project_2\project_2.sdk\.sdk\launch_scripts\xilinx_c-c++_application_(system_debugger)\system_debugger_using_debug_test_microblaze.elf_on_local.tcl'
